{"/Users/erickislas/Lunes 23 marzo star/stratexpoints/src/authSlice.js": {"path":"/Users/erickislas/Lunes 23 marzo star/stratexpoints/src/authSlice.js","statementMap":{"0":{"start":{"line":6,"column":31},"end":{"line":214,"column":2}},"1":{"start":{"line":6,"column":46},"end":{"line":214,"column":1}},"2":{"start":{"line":20,"column":35},"end":{"line":20,"column":68}},"3":{"start":{"line":23,"column":20},"end":{"line":23,"column":25}},"4":{"start":{"line":25,"column":4},"end":{"line":43,"column":5}},"5":{"start":{"line":27,"column":16},"end":{"line":27,"column":20}},"6":{"start":{"line":28,"column":6},"end":{"line":34,"column":7}},"7":{"start":{"line":29,"column":8},"end":{"line":33,"column":9}},"8":{"start":{"line":30,"column":10},"end":{"line":30,"column":52}},"9":{"start":{"line":32,"column":10},"end":{"line":32,"column":41}},"10":{"start":{"line":36,"column":22},"end":{"line":36,"column":90}},"11":{"start":{"line":37,"column":6},"end":{"line":37,"column":100}},"12":{"start":{"line":40,"column":6},"end":{"line":42,"column":7}},"13":{"start":{"line":41,"column":8},"end":{"line":41,"column":32}},"14":{"start":{"line":46,"column":39},"end":{"line":46,"column":76}},"15":{"start":{"line":47,"column":28},"end":{"line":47,"column":62}},"16":{"start":{"line":51,"column":4},"end":{"line":51,"column":62}},"17":{"start":{"line":52,"column":4},"end":{"line":83,"column":5}},"18":{"start":{"line":53,"column":23},"end":{"line":53,"column":65}},"19":{"start":{"line":55,"column":6},"end":{"line":75,"column":7}},"20":{"start":{"line":56,"column":28},"end":{"line":56,"column":63}},"21":{"start":{"line":58,"column":8},"end":{"line":64,"column":11}},"22":{"start":{"line":66,"column":8},"end":{"line":70,"column":11}},"23":{"start":{"line":72,"column":8},"end":{"line":72,"column":20}},"24":{"start":{"line":74,"column":8},"end":{"line":74,"column":79}},"25":{"start":{"line":77,"column":6},"end":{"line":77,"column":60}},"26":{"start":{"line":78,"column":6},"end":{"line":81,"column":9}},"27":{"start":{"line":82,"column":6},"end":{"line":82,"column":19}},"28":{"start":{"line":88,"column":4},"end":{"line":105,"column":5}},"29":{"start":{"line":89,"column":30},"end":{"line":89,"column":66}},"30":{"start":{"line":90,"column":6},"end":{"line":93,"column":7}},"31":{"start":{"line":91,"column":8},"end":{"line":91,"column":62}},"32":{"start":{"line":92,"column":8},"end":{"line":92,"column":21}},"33":{"start":{"line":95,"column":6},"end":{"line":100,"column":7}},"34":{"start":{"line":96,"column":8},"end":{"line":96,"column":48}},"35":{"start":{"line":98,"column":8},"end":{"line":98,"column":38}},"36":{"start":{"line":99,"column":8},"end":{"line":99,"column":20}},"37":{"start":{"line":101,"column":6},"end":{"line":101,"column":19}},"38":{"start":{"line":103,"column":6},"end":{"line":103,"column":62}},"39":{"start":{"line":104,"column":6},"end":{"line":104,"column":19}},"40":{"start":{"line":110,"column":36},"end":{"line":110,"column":41}},"41":{"start":{"line":111,"column":4},"end":{"line":111,"column":31}},"42":{"start":{"line":116,"column":78},"end":{"line":116,"column":83}},"43":{"start":{"line":117,"column":4},"end":{"line":122,"column":6}},"44":{"start":{"line":127,"column":72},"end":{"line":127,"column":77}},"45":{"start":{"line":131,"column":4},"end":{"line":133,"column":5}},"46":{"start":{"line":132,"column":6},"end":{"line":132,"column":18}},"47":{"start":{"line":138,"column":4},"end":{"line":140,"column":5}},"48":{"start":{"line":139,"column":8},"end":{"line":139,"column":21}},"49":{"start":{"line":143,"column":26},"end":{"line":143,"column":56}},"50":{"start":{"line":146,"column":4},"end":{"line":148,"column":5}},"51":{"start":{"line":147,"column":6},"end":{"line":147,"column":19}},"52":{"start":{"line":158,"column":25},"end":{"line":158,"column":48}},"53":{"start":{"line":159,"column":24},"end":{"line":159,"column":54}},"54":{"start":{"line":162,"column":4},"end":{"line":167,"column":5}},"55":{"start":{"line":163,"column":30},"end":{"line":163,"column":76}},"56":{"start":{"line":164,"column":6},"end":{"line":166,"column":7}},"57":{"start":{"line":165,"column":8},"end":{"line":165,"column":40}},"58":{"start":{"line":170,"column":4},"end":{"line":173,"column":5}},"59":{"start":{"line":171,"column":6},"end":{"line":171,"column":82}},"60":{"start":{"line":172,"column":6},"end":{"line":172,"column":19}},"61":{"start":{"line":176,"column":28},"end":{"line":188,"column":5}},"62":{"start":{"line":190,"column":27},"end":{"line":190,"column":68}},"63":{"start":{"line":191,"column":20},"end":{"line":191,"column":51}},"64":{"start":{"line":192,"column":24},"end":{"line":192,"column":50}},"65":{"start":{"line":195,"column":26},"end":{"line":198,"column":5}},"66":{"start":{"line":196,"column":8},"end":{"line":197,"column":49}},"67":{"start":{"line":201,"column":4},"end":{"line":203,"column":5}},"68":{"start":{"line":202,"column":6},"end":{"line":202,"column":112}},"69":{"start":{"line":205,"column":4},"end":{"line":205,"column":25}},"70":{"start":{"line":212,"column":4},"end":{"line":212,"column":11}}},"fnMap":{"0":{"name":"(anonymous_0)","decl":{"start":{"line":6,"column":31},"end":{"line":6,"column":32}},"loc":{"start":{"line":6,"column":46},"end":{"line":214,"column":1}},"line":6},"1":{"name":"(anonymous_1)","decl":{"start":{"line":20,"column":26},"end":{"line":20,"column":27}},"loc":{"start":{"line":20,"column":35},"end":{"line":20,"column":68}},"line":20},"2":{"name":"(anonymous_2)","decl":{"start":{"line":22,"column":11},"end":{"line":22,"column":12}},"loc":{"start":{"line":22,"column":36},"end":{"line":44,"column":3}},"line":22},"3":{"name":"(anonymous_3)","decl":{"start":{"line":46,"column":26},"end":{"line":46,"column":27}},"loc":{"start":{"line":46,"column":39},"end":{"line":46,"column":76}},"line":46},"4":{"name":"(anonymous_4)","decl":{"start":{"line":47,"column":22},"end":{"line":47,"column":23}},"loc":{"start":{"line":47,"column":28},"end":{"line":47,"column":62}},"line":47},"5":{"name":"(anonymous_5)","decl":{"start":{"line":50,"column":19},"end":{"line":50,"column":20}},"loc":{"start":{"line":50,"column":31},"end":{"line":84,"column":3}},"line":50},"6":{"name":"(anonymous_6)","decl":{"start":{"line":87,"column":18},"end":{"line":87,"column":19}},"loc":{"start":{"line":87,"column":30},"end":{"line":106,"column":3}},"line":87},"7":{"name":"(anonymous_7)","decl":{"start":{"line":109,"column":25},"end":{"line":109,"column":26}},"loc":{"start":{"line":109,"column":31},"end":{"line":112,"column":3}},"line":109},"8":{"name":"(anonymous_8)","decl":{"start":{"line":115,"column":18},"end":{"line":115,"column":19}},"loc":{"start":{"line":115,"column":24},"end":{"line":123,"column":3}},"line":115},"9":{"name":"(anonymous_9)","decl":{"start":{"line":126,"column":7},"end":{"line":126,"column":8}},"loc":{"start":{"line":126,"column":29},"end":{"line":206,"column":3}},"line":126},"10":{"name":"(anonymous_10)","decl":{"start":{"line":195,"column":43},"end":{"line":195,"column":44}},"loc":{"start":{"line":196,"column":8},"end":{"line":197,"column":49}},"line":196},"11":{"name":"(anonymous_11)","decl":{"start":{"line":209,"column":28},"end":{"line":209,"column":29}},"loc":{"start":{"line":209,"column":40},"end":{"line":213,"column":3}},"line":209}},"branchMap":{"0":{"loc":{"start":{"line":25,"column":4},"end":{"line":43,"column":5}},"type":"if","locations":[{"start":{"line":25,"column":4},"end":{"line":43,"column":5}},{"start":{},"end":{}}],"line":25},"1":{"loc":{"start":{"line":25,"column":8},"end":{"line":25,"column":84}},"type":"binary-expr","locations":[{"start":{"line":25,"column":8},"end":{"line":25,"column":41}},{"start":{"line":25,"column":45},"end":{"line":25,"column":84}}],"line":25},"2":{"loc":{"start":{"line":28,"column":6},"end":{"line":34,"column":7}},"type":"if","locations":[{"start":{"line":28,"column":6},"end":{"line":34,"column":7}},{"start":{},"end":{}}],"line":28},"3":{"loc":{"start":{"line":29,"column":8},"end":{"line":33,"column":9}},"type":"if","locations":[{"start":{"line":29,"column":8},"end":{"line":33,"column":9}},{"start":{"line":31,"column":15},"end":{"line":33,"column":9}}],"line":29},"4":{"loc":{"start":{"line":30,"column":16},"end":{"line":30,"column":51}},"type":"binary-expr","locations":[{"start":{"line":30,"column":16},"end":{"line":30,"column":43}},{"start":{"line":30,"column":47},"end":{"line":30,"column":51}}],"line":30},"5":{"loc":{"start":{"line":36,"column":25},"end":{"line":36,"column":89}},"type":"binary-expr","locations":[{"start":{"line":36,"column":25},"end":{"line":36,"column":51}},{"start":{"line":36,"column":55},"end":{"line":36,"column":89}}],"line":36},"6":{"loc":{"start":{"line":40,"column":6},"end":{"line":42,"column":7}},"type":"if","locations":[{"start":{"line":40,"column":6},"end":{"line":42,"column":7}},{"start":{},"end":{}}],"line":40},"7":{"loc":{"start":{"line":40,"column":10},"end":{"line":40,"column":31}},"type":"binary-expr","locations":[{"start":{"line":40,"column":10},"end":{"line":40,"column":17}},{"start":{"line":40,"column":21},"end":{"line":40,"column":31}}],"line":40},"8":{"loc":{"start":{"line":55,"column":6},"end":{"line":75,"column":7}},"type":"if","locations":[{"start":{"line":55,"column":6},"end":{"line":75,"column":7}},{"start":{"line":73,"column":13},"end":{"line":75,"column":7}}],"line":55},"9":{"loc":{"start":{"line":55,"column":10},"end":{"line":55,"column":38}},"type":"binary-expr","locations":[{"start":{"line":55,"column":10},"end":{"line":55,"column":21}},{"start":{"line":55,"column":25},"end":{"line":55,"column":38}}],"line":55},"10":{"loc":{"start":{"line":56,"column":28},"end":{"line":56,"column":63}},"type":"binary-expr","locations":[{"start":{"line":56,"column":28},"end":{"line":56,"column":46}},{"start":{"line":56,"column":50},"end":{"line":56,"column":63}}],"line":56},"11":{"loc":{"start":{"line":59,"column":30},"end":{"line":59,"column":69}},"type":"binary-expr","locations":[{"start":{"line":59,"column":30},"end":{"line":59,"column":61}},{"start":{"line":59,"column":65},"end":{"line":59,"column":69}}],"line":59},"12":{"loc":{"start":{"line":60,"column":31},"end":{"line":60,"column":73}},"type":"binary-expr","locations":[{"start":{"line":60,"column":31},"end":{"line":60,"column":64}},{"start":{"line":60,"column":68},"end":{"line":60,"column":73}}],"line":60},"13":{"loc":{"start":{"line":61,"column":23},"end":{"line":61,"column":55}},"type":"binary-expr","locations":[{"start":{"line":61,"column":23},"end":{"line":61,"column":47}},{"start":{"line":61,"column":51},"end":{"line":61,"column":55}}],"line":61},"14":{"loc":{"start":{"line":74,"column":24},"end":{"line":74,"column":77}},"type":"binary-expr","locations":[{"start":{"line":74,"column":24},"end":{"line":74,"column":44}},{"start":{"line":74,"column":48},"end":{"line":74,"column":77}}],"line":74},"15":{"loc":{"start":{"line":90,"column":6},"end":{"line":93,"column":7}},"type":"if","locations":[{"start":{"line":90,"column":6},"end":{"line":93,"column":7}},{"start":{},"end":{}}],"line":90},"16":{"loc":{"start":{"line":95,"column":6},"end":{"line":100,"column":7}},"type":"if","locations":[{"start":{"line":95,"column":6},"end":{"line":100,"column":7}},{"start":{},"end":{}}],"line":95},"17":{"loc":{"start":{"line":131,"column":4},"end":{"line":133,"column":5}},"type":"if","locations":[{"start":{"line":131,"column":4},"end":{"line":133,"column":5}},{"start":{},"end":{}}],"line":131},"18":{"loc":{"start":{"line":131,"column":8},"end":{"line":131,"column":55}},"type":"binary-expr","locations":[{"start":{"line":131,"column":8},"end":{"line":131,"column":28}},{"start":{"line":131,"column":32},"end":{"line":131,"column":55}}],"line":131},"19":{"loc":{"start":{"line":138,"column":4},"end":{"line":140,"column":5}},"type":"if","locations":[{"start":{"line":138,"column":4},"end":{"line":140,"column":5}},{"start":{},"end":{}}],"line":138},"20":{"loc":{"start":{"line":138,"column":8},"end":{"line":138,"column":68}},"type":"binary-expr","locations":[{"start":{"line":138,"column":8},"end":{"line":138,"column":40}},{"start":{"line":138,"column":44},"end":{"line":138,"column":68}}],"line":138},"21":{"loc":{"start":{"line":143,"column":26},"end":{"line":143,"column":56}},"type":"binary-expr","locations":[{"start":{"line":143,"column":26},"end":{"line":143,"column":45}},{"start":{"line":143,"column":49},"end":{"line":143,"column":56}}],"line":143},"22":{"loc":{"start":{"line":146,"column":4},"end":{"line":148,"column":5}},"type":"if","locations":[{"start":{"line":146,"column":4},"end":{"line":148,"column":5}},{"start":{},"end":{}}],"line":146},"23":{"loc":{"start":{"line":159,"column":24},"end":{"line":159,"column":54}},"type":"binary-expr","locations":[{"start":{"line":159,"column":24},"end":{"line":159,"column":42}},{"start":{"line":159,"column":46},"end":{"line":159,"column":54}}],"line":159},"24":{"loc":{"start":{"line":162,"column":4},"end":{"line":167,"column":5}},"type":"if","locations":[{"start":{"line":162,"column":4},"end":{"line":167,"column":5}},{"start":{},"end":{}}],"line":162},"25":{"loc":{"start":{"line":162,"column":8},"end":{"line":162,"column":112}},"type":"binary-expr","locations":[{"start":{"line":162,"column":8},"end":{"line":162,"column":40}},{"start":{"line":162,"column":44},"end":{"line":162,"column":96}},{"start":{"line":162,"column":100},"end":{"line":162,"column":112}}],"line":162},"26":{"loc":{"start":{"line":164,"column":6},"end":{"line":166,"column":7}},"type":"if","locations":[{"start":{"line":164,"column":6},"end":{"line":166,"column":7}},{"start":{},"end":{}}],"line":164},"27":{"loc":{"start":{"line":170,"column":4},"end":{"line":173,"column":5}},"type":"if","locations":[{"start":{"line":170,"column":4},"end":{"line":173,"column":5}},{"start":{},"end":{}}],"line":170},"28":{"loc":{"start":{"line":170,"column":8},"end":{"line":170,"column":38}},"type":"binary-expr","locations":[{"start":{"line":170,"column":8},"end":{"line":170,"column":20}},{"start":{"line":170,"column":24},"end":{"line":170,"column":38}}],"line":170},"29":{"loc":{"start":{"line":190,"column":34},"end":{"line":190,"column":53}},"type":"binary-expr","locations":[{"start":{"line":190,"column":34},"end":{"line":190,"column":47}},{"start":{"line":190,"column":51},"end":{"line":190,"column":53}}],"line":190},"30":{"loc":{"start":{"line":192,"column":24},"end":{"line":192,"column":50}},"type":"binary-expr","locations":[{"start":{"line":192,"column":24},"end":{"line":192,"column":44}},{"start":{"line":192,"column":48},"end":{"line":192,"column":50}}],"line":192},"31":{"loc":{"start":{"line":196,"column":8},"end":{"line":197,"column":49}},"type":"binary-expr","locations":[{"start":{"line":196,"column":9},"end":{"line":196,"column":32}},{"start":{"line":196,"column":36},"end":{"line":196,"column":54}},{"start":{"line":197,"column":9},"end":{"line":197,"column":28}},{"start":{"line":197,"column":32},"end":{"line":197,"column":48}}],"line":196},"32":{"loc":{"start":{"line":201,"column":4},"end":{"line":203,"column":5}},"type":"if","locations":[{"start":{"line":201,"column":4},"end":{"line":203,"column":5}},{"start":{},"end":{}}],"line":201}},"s":{"0":0,"1":0,"2":0,"3":0,"4":0,"5":0,"6":0,"7":0,"8":0,"9":0,"10":0,"11":0,"12":0,"13":0,"14":0,"15":0,"16":0,"17":0,"18":0,"19":0,"20":0,"21":0,"22":0,"23":0,"24":0,"25":0,"26":0,"27":0,"28":0,"29":0,"30":0,"31":0,"32":0,"33":0,"34":0,"35":0,"36":0,"37":0,"38":0,"39":0,"40":0,"41":0,"42":0,"43":0,"44":0,"45":0,"46":0,"47":0,"48":0,"49":0,"50":0,"51":0,"52":0,"53":0,"54":0,"55":0,"56":0,"57":0,"58":0,"59":0,"60":0,"61":0,"62":0,"63":0,"64":0,"65":0,"66":0,"67":0,"68":0,"69":0,"70":0},"f":{"0":0,"1":0,"2":0,"3":0,"4":0,"5":0,"6":0,"7":0,"8":0,"9":0,"10":0,"11":0},"b":{"0":[0,0],"1":[0,0],"2":[0,0],"3":[0,0],"4":[0,0],"5":[0,0],"6":[0,0],"7":[0,0],"8":[0,0],"9":[0,0],"10":[0,0],"11":[0,0],"12":[0,0],"13":[0,0],"14":[0,0],"15":[0,0],"16":[0,0],"17":[0,0],"18":[0,0],"19":[0,0],"20":[0,0],"21":[0,0],"22":[0,0],"23":[0,0],"24":[0,0],"25":[0,0,0],"26":[0,0],"27":[0,0],"28":[0,0],"29":[0,0],"30":[0,0],"31":[0,0,0,0],"32":[0,0]}}
,"/Users/erickislas/Lunes 23 marzo star/stratexpoints/src/constants.js": {"path":"/Users/erickislas/Lunes 23 marzo star/stratexpoints/src/constants.js","statementMap":{"0":{"start":{"line":1,"column":32},"end":{"line":10,"column":1}},"1":{"start":{"line":12,"column":21},"end":{"line":16,"column":1}}},"fnMap":{},"branchMap":{},"s":{"0":0,"1":0},"f":{},"b":{}}
,"/Users/erickislas/Lunes 23 marzo star/stratexpoints/src/dataSlice.js": {"path":"/Users/erickislas/Lunes 23 marzo star/stratexpoints/src/dataSlice.js","statementMap":{"0":{"start":{"line":6,"column":31},"end":{"line":80,"column":2}},"1":{"start":{"line":6,"column":46},"end":{"line":80,"column":1}},"2":{"start":{"line":16,"column":29},"end":{"line":16,"column":83}},"3":{"start":{"line":17,"column":29},"end":{"line":17,"column":83}},"4":{"start":{"line":18,"column":29},"end":{"line":18,"column":83}},"5":{"start":{"line":19,"column":29},"end":{"line":19,"column":83}},"6":{"start":{"line":20,"column":29},"end":{"line":20,"column":83}},"7":{"start":{"line":21,"column":29},"end":{"line":21,"column":83}},"8":{"start":{"line":24,"column":4},"end":{"line":24,"column":50}},"9":{"start":{"line":25,"column":4},"end":{"line":72,"column":5}},"10":{"start":{"line":26,"column":20},"end":{"line":26,"column":50}},"11":{"start":{"line":27,"column":6},"end":{"line":31,"column":7}},"12":{"start":{"line":28,"column":8},"end":{"line":28,"column":82}},"13":{"start":{"line":29,"column":8},"end":{"line":29,"column":36}},"14":{"start":{"line":30,"column":8},"end":{"line":30,"column":15}},"15":{"start":{"line":33,"column":22},"end":{"line":40,"column":8}},"16":{"start":{"line":42,"column":24},"end":{"line":42,"column":66}},"17":{"start":{"line":42,"column":42},"end":{"line":42,"column":65}},"18":{"start":{"line":43,"column":6},"end":{"line":47,"column":7}},"19":{"start":{"line":44,"column":20},"end":{"line":44,"column":98}},"20":{"start":{"line":45,"column":8},"end":{"line":45,"column":39}},"21":{"start":{"line":46,"column":8},"end":{"line":46,"column":34}},"22":{"start":{"line":49,"column":25},"end":{"line":49,"column":82}},"23":{"start":{"line":50,"column":26},"end":{"line":50,"column":83}},"24":{"start":{"line":51,"column":26},"end":{"line":51,"column":83}},"25":{"start":{"line":52,"column":26},"end":{"line":52,"column":83}},"26":{"start":{"line":53,"column":26},"end":{"line":53,"column":83}},"27":{"start":{"line":54,"column":26},"end":{"line":54,"column":83}},"28":{"start":{"line":57,"column":6},"end":{"line":63,"column":7}},"29":{"start":{"line":58,"column":8},"end":{"line":62,"column":9}},"30":{"start":{"line":59,"column":10},"end":{"line":59,"column":70}},"31":{"start":{"line":61,"column":10},"end":{"line":61,"column":90}},"32":{"start":{"line":65,"column":6},"end":{"line":65,"column":93}},"33":{"start":{"line":67,"column":6},"end":{"line":67,"column":46}},"34":{"start":{"line":69,"column":6},"end":{"line":69,"column":48}},"35":{"start":{"line":70,"column":6},"end":{"line":70,"column":70}},"36":{"start":{"line":71,"column":6},"end":{"line":71,"column":58}}},"fnMap":{"0":{"name":"(anonymous_0)","decl":{"start":{"line":6,"column":31},"end":{"line":6,"column":32}},"loc":{"start":{"line":6,"column":46},"end":{"line":80,"column":1}},"line":6},"1":{"name":"(anonymous_1)","decl":{"start":{"line":16,"column":19},"end":{"line":16,"column":20}},"loc":{"start":{"line":16,"column":29},"end":{"line":16,"column":83}},"line":16},"2":{"name":"(anonymous_2)","decl":{"start":{"line":17,"column":19},"end":{"line":17,"column":20}},"loc":{"start":{"line":17,"column":29},"end":{"line":17,"column":83}},"line":17},"3":{"name":"(anonymous_3)","decl":{"start":{"line":18,"column":19},"end":{"line":18,"column":20}},"loc":{"start":{"line":18,"column":29},"end":{"line":18,"column":83}},"line":18},"4":{"name":"(anonymous_4)","decl":{"start":{"line":19,"column":19},"end":{"line":19,"column":20}},"loc":{"start":{"line":19,"column":29},"end":{"line":19,"column":83}},"line":19},"5":{"name":"(anonymous_5)","decl":{"start":{"line":20,"column":19},"end":{"line":20,"column":20}},"loc":{"start":{"line":20,"column":29},"end":{"line":20,"column":83}},"line":20},"6":{"name":"(anonymous_6)","decl":{"start":{"line":21,"column":19},"end":{"line":21,"column":20}},"loc":{"start":{"line":21,"column":29},"end":{"line":21,"column":83}},"line":21},"7":{"name":"(anonymous_7)","decl":{"start":{"line":23,"column":15},"end":{"line":23,"column":16}},"loc":{"start":{"line":23,"column":27},"end":{"line":73,"column":3}},"line":23},"8":{"name":"(anonymous_8)","decl":{"start":{"line":42,"column":37},"end":{"line":42,"column":38}},"loc":{"start":{"line":42,"column":42},"end":{"line":42,"column":65}},"line":42},"9":{"name":"(anonymous_9)","decl":{"start":{"line":78,"column":22},"end":{"line":78,"column":23}},"loc":{"start":{"line":78,"column":28},"end":{"line":78,"column":68}},"line":78},"10":{"name":"(anonymous_10)","decl":{"start":{"line":79,"column":23},"end":{"line":79,"column":24}},"loc":{"start":{"line":79,"column":29},"end":{"line":79,"column":44}},"line":79}},"branchMap":{"0":{"loc":{"start":{"line":16,"column":49},"end":{"line":16,"column":80}},"type":"cond-expr","locations":[{"start":{"line":16,"column":71},"end":{"line":16,"column":75}},{"start":{"line":16,"column":78},"end":{"line":16,"column":80}}],"line":16},"1":{"loc":{"start":{"line":17,"column":49},"end":{"line":17,"column":80}},"type":"cond-expr","locations":[{"start":{"line":17,"column":71},"end":{"line":17,"column":75}},{"start":{"line":17,"column":78},"end":{"line":17,"column":80}}],"line":17},"2":{"loc":{"start":{"line":18,"column":49},"end":{"line":18,"column":80}},"type":"cond-expr","locations":[{"start":{"line":18,"column":71},"end":{"line":18,"column":75}},{"start":{"line":18,"column":78},"end":{"line":18,"column":80}}],"line":18},"3":{"loc":{"start":{"line":19,"column":49},"end":{"line":19,"column":80}},"type":"cond-expr","locations":[{"start":{"line":19,"column":71},"end":{"line":19,"column":75}},{"start":{"line":19,"column":78},"end":{"line":19,"column":80}}],"line":19},"4":{"loc":{"start":{"line":20,"column":49},"end":{"line":20,"column":80}},"type":"cond-expr","locations":[{"start":{"line":20,"column":71},"end":{"line":20,"column":75}},{"start":{"line":20,"column":78},"end":{"line":20,"column":80}}],"line":20},"5":{"loc":{"start":{"line":21,"column":49},"end":{"line":21,"column":80}},"type":"cond-expr","locations":[{"start":{"line":21,"column":71},"end":{"line":21,"column":75}},{"start":{"line":21,"column":78},"end":{"line":21,"column":80}}],"line":21},"6":{"loc":{"start":{"line":27,"column":6},"end":{"line":31,"column":7}},"type":"if","locations":[{"start":{"line":27,"column":6},"end":{"line":31,"column":7}},{"start":{},"end":{}}],"line":27},"7":{"loc":{"start":{"line":43,"column":6},"end":{"line":47,"column":7}},"type":"if","locations":[{"start":{"line":43,"column":6},"end":{"line":47,"column":7}},{"start":{},"end":{}}],"line":43},"8":{"loc":{"start":{"line":49,"column":25},"end":{"line":49,"column":82}},"type":"cond-expr","locations":[{"start":{"line":49,"column":61},"end":{"line":49,"column":77}},{"start":{"line":49,"column":80},"end":{"line":49,"column":82}}],"line":49},"9":{"loc":{"start":{"line":50,"column":26},"end":{"line":50,"column":83}},"type":"cond-expr","locations":[{"start":{"line":50,"column":62},"end":{"line":50,"column":78}},{"start":{"line":50,"column":81},"end":{"line":50,"column":83}}],"line":50},"10":{"loc":{"start":{"line":51,"column":26},"end":{"line":51,"column":83}},"type":"cond-expr","locations":[{"start":{"line":51,"column":62},"end":{"line":51,"column":78}},{"start":{"line":51,"column":81},"end":{"line":51,"column":83}}],"line":51},"11":{"loc":{"start":{"line":52,"column":26},"end":{"line":52,"column":83}},"type":"cond-expr","locations":[{"start":{"line":52,"column":62},"end":{"line":52,"column":78}},{"start":{"line":52,"column":81},"end":{"line":52,"column":83}}],"line":52},"12":{"loc":{"start":{"line":53,"column":26},"end":{"line":53,"column":83}},"type":"cond-expr","locations":[{"start":{"line":53,"column":62},"end":{"line":53,"column":78}},{"start":{"line":53,"column":81},"end":{"line":53,"column":83}}],"line":53},"13":{"loc":{"start":{"line":54,"column":26},"end":{"line":54,"column":83}},"type":"cond-expr","locations":[{"start":{"line":54,"column":62},"end":{"line":54,"column":78}},{"start":{"line":54,"column":81},"end":{"line":54,"column":83}}],"line":54},"14":{"loc":{"start":{"line":57,"column":6},"end":{"line":63,"column":7}},"type":"if","locations":[{"start":{"line":57,"column":6},"end":{"line":63,"column":7}},{"start":{},"end":{}}],"line":57}},"s":{"0":0,"1":0,"2":0,"3":0,"4":0,"5":0,"6":0,"7":0,"8":0,"9":0,"10":0,"11":0,"12":0,"13":0,"14":0,"15":0,"16":0,"17":0,"18":0,"19":0,"20":0,"21":0,"22":0,"23":0,"24":0,"25":0,"26":0,"27":0,"28":0,"29":0,"30":0,"31":0,"32":0,"33":0,"34":0,"35":0,"36":0},"f":{"0":0,"1":0,"2":0,"3":0,"4":0,"5":0,"6":0,"7":0,"8":0,"9":0,"10":0},"b":{"0":[0,0],"1":[0,0],"2":[0,0],"3":[0,0],"4":[0,0],"5":[0,0],"6":[0,0],"7":[0,0],"8":[0,0],"9":[0,0],"10":[0,0],"11":[0,0],"12":[0,0],"13":[0,0],"14":[0,0]}}
,"/Users/erickislas/Lunes 23 marzo star/stratexpoints/src/i18n.js": {"path":"/Users/erickislas/Lunes 23 marzo star/stratexpoints/src/i18n.js","statementMap":{"0":{"start":{"line":6,"column":21},"end":{"line":11,"column":1}},"1":{"start":{"line":10,"column":19},"end":{"line":10,"column":48}},"2":{"start":{"line":14,"column":11},"end":{"line":50,"column":1}},"3":{"start":{"line":52,"column":11},"end":{"line":88,"column":1}},"4":{"start":{"line":90,"column":0},"end":{"line":106,"column":5}}},"fnMap":{"0":{"name":"(anonymous_0)","decl":{"start":{"line":8,"column":9},"end":{"line":8,"column":10}},"loc":{"start":{"line":8,"column":15},"end":{"line":8,"column":17}},"line":8},"1":{"name":"(anonymous_1)","decl":{"start":{"line":9,"column":9},"end":{"line":9,"column":10}},"loc":{"start":{"line":9,"column":15},"end":{"line":9,"column":17}},"line":9},"2":{"name":"(anonymous_2)","decl":{"start":{"line":10,"column":9},"end":{"line":10,"column":10}},"loc":{"start":{"line":10,"column":19},"end":{"line":10,"column":48}},"line":10}},"branchMap":{"0":{"loc":{"start":{"line":100,"column":9},"end":{"line":100,"column":56}},"type":"binary-expr","locations":[{"start":{"line":100,"column":9},"end":{"line":100,"column":45}},{"start":{"line":100,"column":49},"end":{"line":100,"column":56}}],"line":100}},"s":{"0":0,"1":0,"2":0,"3":0,"4":0},"f":{"0":0,"1":0,"2":0},"b":{"0":[0,0]}}
,"/Users/erickislas/Lunes 23 marzo star/stratexpoints/src/notificationSlice.js": {"path":"/Users/erickislas/Lunes 23 marzo star/stratexpoints/src/notificationSlice.js","statementMap":{"0":{"start":{"line":7,"column":39},"end":{"line":22,"column":2}},"1":{"start":{"line":7,"column":54},"end":{"line":22,"column":1}},"2":{"start":{"line":11,"column":28},"end":{"line":14,"column":5}},"3":{"start":{"line":15,"column":4},"end":{"line":15,"column":83}},"4":{"start":{"line":15,"column":20},"end":{"line":15,"column":80}},"5":{"start":{"line":20,"column":4},"end":{"line":20,"column":86}},"6":{"start":{"line":20,"column":20},"end":{"line":20,"column":83}},"7":{"start":{"line":20,"column":69},"end":{"line":20,"column":80}}},"fnMap":{"0":{"name":"(anonymous_0)","decl":{"start":{"line":7,"column":39},"end":{"line":7,"column":40}},"loc":{"start":{"line":7,"column":54},"end":{"line":22,"column":1}},"line":7},"1":{"name":"(anonymous_1)","decl":{"start":{"line":10,"column":19},"end":{"line":10,"column":20}},"loc":{"start":{"line":10,"column":37},"end":{"line":17,"column":3}},"line":10},"2":{"name":"(anonymous_2)","decl":{"start":{"line":15,"column":8},"end":{"line":15,"column":9}},"loc":{"start":{"line":15,"column":20},"end":{"line":15,"column":80}},"line":15},"3":{"name":"(anonymous_3)","decl":{"start":{"line":19,"column":22},"end":{"line":19,"column":23}},"loc":{"start":{"line":19,"column":30},"end":{"line":21,"column":3}},"line":19},"4":{"name":"(anonymous_4)","decl":{"start":{"line":20,"column":8},"end":{"line":20,"column":9}},"loc":{"start":{"line":20,"column":20},"end":{"line":20,"column":83}},"line":20},"5":{"name":"(anonymous_5)","decl":{"start":{"line":20,"column":64},"end":{"line":20,"column":65}},"loc":{"start":{"line":20,"column":69},"end":{"line":20,"column":80}},"line":20}},"branchMap":{},"s":{"0":0,"1":0,"2":0,"3":0,"4":0,"5":0,"6":0,"7":0},"f":{"0":0,"1":0,"2":0,"3":0,"4":0,"5":0},"b":{}}
,"/Users/erickislas/Lunes 23 marzo star/stratexpoints/src/services.js": {"path":"/Users/erickislas/Lunes 23 marzo star/stratexpoints/src/services.js","statementMap":{"0":{"start":{"line":6,"column":20},"end":{"line":6,"column":24}},"1":{"start":{"line":7,"column":27},"end":{"line":7,"column":58}},"2":{"start":{"line":7,"column":37},"end":{"line":7,"column":56}},"3":{"start":{"line":9,"column":35},"end":{"line":14,"column":1}},"4":{"start":{"line":10,"column":22},"end":{"line":10,"column":47}},"5":{"start":{"line":10,"column":51},"end":{"line":10,"column":102}},"6":{"start":{"line":11,"column":22},"end":{"line":11,"column":50}},"7":{"start":{"line":11,"column":51},"end":{"line":11,"column":102}},"8":{"start":{"line":12,"column":22},"end":{"line":12,"column":50}},"9":{"start":{"line":12,"column":52},"end":{"line":12,"column":103}},"10":{"start":{"line":13,"column":22},"end":{"line":13,"column":50}},"11":{"start":{"line":13,"column":52},"end":{"line":13,"column":103}},"12":{"start":{"line":17,"column":26},"end":{"line":46,"column":1}},"13":{"start":{"line":19,"column":4},"end":{"line":19,"column":26}},"14":{"start":{"line":19,"column":16},"end":{"line":19,"column":26}},"15":{"start":{"line":20,"column":28},"end":{"line":24,"column":48}},"16":{"start":{"line":25,"column":4},"end":{"line":25,"column":81}},"17":{"start":{"line":25,"column":17},"end":{"line":25,"column":68}},"18":{"start":{"line":25,"column":69},"end":{"line":25,"column":79}},"19":{"start":{"line":27,"column":4},"end":{"line":30,"column":8}},"20":{"start":{"line":27,"column":34},"end":{"line":30,"column":5}},"21":{"start":{"line":33,"column":28},"end":{"line":33,"column":89}},"22":{"start":{"line":34,"column":4},"end":{"line":34,"column":27}},"23":{"start":{"line":34,"column":15},"end":{"line":34,"column":27}},"24":{"start":{"line":35,"column":4},"end":{"line":35,"column":66}},"25":{"start":{"line":38,"column":28},"end":{"line":38,"column":102}},"26":{"start":{"line":39,"column":4},"end":{"line":39,"column":27}},"27":{"start":{"line":39,"column":15},"end":{"line":39,"column":27}},"28":{"start":{"line":40,"column":4},"end":{"line":40,"column":16}},"29":{"start":{"line":43,"column":22},"end":{"line":43,"column":71}},"30":{"start":{"line":44,"column":4},"end":{"line":44,"column":27}},"31":{"start":{"line":44,"column":15},"end":{"line":44,"column":27}},"32":{"start":{"line":49,"column":26},"end":{"line":74,"column":1}},"33":{"start":{"line":51,"column":4},"end":{"line":51,"column":26}},"34":{"start":{"line":51,"column":16},"end":{"line":51,"column":26}},"35":{"start":{"line":52,"column":28},"end":{"line":56,"column":48}},"36":{"start":{"line":57,"column":4},"end":{"line":57,"column":81}},"37":{"start":{"line":57,"column":17},"end":{"line":57,"column":68}},"38":{"start":{"line":57,"column":69},"end":{"line":57,"column":79}},"39":{"start":{"line":58,"column":4},"end":{"line":58,"column":22}},"40":{"start":{"line":61,"column":28},"end":{"line":61,"column":89}},"41":{"start":{"line":62,"column":4},"end":{"line":62,"column":27}},"42":{"start":{"line":62,"column":15},"end":{"line":62,"column":27}},"43":{"start":{"line":63,"column":4},"end":{"line":63,"column":16}},"44":{"start":{"line":66,"column":28},"end":{"line":66,"column":102}},"45":{"start":{"line":67,"column":4},"end":{"line":67,"column":27}},"46":{"start":{"line":67,"column":15},"end":{"line":67,"column":27}},"47":{"start":{"line":68,"column":4},"end":{"line":68,"column":16}},"48":{"start":{"line":71,"column":22},"end":{"line":71,"column":71}},"49":{"start":{"line":72,"column":4},"end":{"line":72,"column":27}},"50":{"start":{"line":72,"column":15},"end":{"line":72,"column":27}},"51":{"start":{"line":77,"column":33},"end":{"line":107,"column":1}},"52":{"start":{"line":79,"column":4},"end":{"line":79,"column":26}},"53":{"start":{"line":79,"column":16},"end":{"line":79,"column":26}},"54":{"start":{"line":80,"column":28},"end":{"line":84,"column":48}},"55":{"start":{"line":85,"column":4},"end":{"line":85,"column":88}},"56":{"start":{"line":85,"column":17},"end":{"line":85,"column":75}},"57":{"start":{"line":85,"column":76},"end":{"line":85,"column":86}},"58":{"start":{"line":87,"column":4},"end":{"line":91,"column":8}},"59":{"start":{"line":87,"column":34},"end":{"line":91,"column":5}},"60":{"start":{"line":94,"column":28},"end":{"line":94,"column":96}},"61":{"start":{"line":95,"column":4},"end":{"line":95,"column":27}},"62":{"start":{"line":95,"column":15},"end":{"line":95,"column":27}},"63":{"start":{"line":96,"column":4},"end":{"line":96,"column":16}},"64":{"start":{"line":99,"column":28},"end":{"line":99,"column":109}},"65":{"start":{"line":100,"column":4},"end":{"line":100,"column":27}},"66":{"start":{"line":100,"column":15},"end":{"line":100,"column":27}},"67":{"start":{"line":101,"column":4},"end":{"line":101,"column":16}},"68":{"start":{"line":104,"column":22},"end":{"line":104,"column":78}},"69":{"start":{"line":105,"column":4},"end":{"line":105,"column":27}},"70":{"start":{"line":105,"column":15},"end":{"line":105,"column":27}},"71":{"start":{"line":110,"column":34},"end":{"line":139,"column":1}},"72":{"start":{"line":112,"column":4},"end":{"line":112,"column":26}},"73":{"start":{"line":112,"column":16},"end":{"line":112,"column":26}},"74":{"start":{"line":113,"column":28},"end":{"line":116,"column":35}},"75":{"start":{"line":118,"column":4},"end":{"line":118,"column":89}},"76":{"start":{"line":118,"column":17},"end":{"line":118,"column":76}},"77":{"start":{"line":118,"column":77},"end":{"line":118,"column":87}},"78":{"start":{"line":119,"column":4},"end":{"line":119,"column":22}},"79":{"start":{"line":122,"column":4},"end":{"line":122,"column":26}},"80":{"start":{"line":122,"column":16},"end":{"line":122,"column":26}},"81":{"start":{"line":124,"column":21},"end":{"line":129,"column":5}},"82":{"start":{"line":130,"column":28},"end":{"line":130,"column":89}},"83":{"start":{"line":131,"column":4},"end":{"line":131,"column":129}},"84":{"start":{"line":131,"column":17},"end":{"line":131,"column":82}},"85":{"start":{"line":131,"column":83},"end":{"line":131,"column":127}},"86":{"start":{"line":131,"column":111},"end":{"line":131,"column":124}},"87":{"start":{"line":132,"column":4},"end":{"line":132,"column":22}},"88":{"start":{"line":135,"column":28},"end":{"line":135,"column":97}},"89":{"start":{"line":136,"column":4},"end":{"line":136,"column":27}},"90":{"start":{"line":136,"column":15},"end":{"line":136,"column":27}},"91":{"start":{"line":137,"column":4},"end":{"line":137,"column":16}},"92":{"start":{"line":142,"column":28},"end":{"line":165,"column":1}},"93":{"start":{"line":144,"column":4},"end":{"line":144,"column":26}},"94":{"start":{"line":144,"column":16},"end":{"line":144,"column":26}},"95":{"start":{"line":145,"column":28},"end":{"line":151,"column":16}},"96":{"start":{"line":152,"column":4},"end":{"line":152,"column":83}},"97":{"start":{"line":152,"column":17},"end":{"line":152,"column":70}},"98":{"start":{"line":152,"column":71},"end":{"line":152,"column":81}},"99":{"start":{"line":153,"column":4},"end":{"line":153,"column":22}},"100":{"start":{"line":156,"column":28},"end":{"line":156,"column":104}},"101":{"start":{"line":157,"column":4},"end":{"line":157,"column":27}},"102":{"start":{"line":157,"column":15},"end":{"line":157,"column":27}},"103":{"start":{"line":158,"column":4},"end":{"line":158,"column":16}},"104":{"start":{"line":161,"column":28},"end":{"line":161,"column":91}},"105":{"start":{"line":162,"column":4},"end":{"line":162,"column":27}},"106":{"start":{"line":162,"column":15},"end":{"line":162,"column":27}},"107":{"start":{"line":163,"column":4},"end":{"line":163,"column":16}},"108":{"start":{"line":168,"column":33},"end":{"line":210,"column":1}},"109":{"start":{"line":170,"column":4},"end":{"line":170,"column":26}},"110":{"start":{"line":170,"column":16},"end":{"line":170,"column":26}},"111":{"start":{"line":171,"column":28},"end":{"line":174,"column":35}},"112":{"start":{"line":176,"column":4},"end":{"line":176,"column":88}},"113":{"start":{"line":176,"column":17},"end":{"line":176,"column":75}},"114":{"start":{"line":176,"column":76},"end":{"line":176,"column":86}},"115":{"start":{"line":177,"column":4},"end":{"line":177,"column":22}},"116":{"start":{"line":181,"column":65},"end":{"line":181,"column":72}},"117":{"start":{"line":182,"column":28},"end":{"line":182,"column":99}},"118":{"start":{"line":183,"column":4},"end":{"line":183,"column":27}},"119":{"start":{"line":183,"column":15},"end":{"line":183,"column":27}},"120":{"start":{"line":184,"column":4},"end":{"line":184,"column":16}},"121":{"start":{"line":187,"column":28},"end":{"line":187,"column":108}},"122":{"start":{"line":188,"column":4},"end":{"line":188,"column":27}},"123":{"start":{"line":188,"column":15},"end":{"line":188,"column":27}},"124":{"start":{"line":189,"column":4},"end":{"line":189,"column":16}},"125":{"start":{"line":192,"column":22},"end":{"line":192,"column":77}},"126":{"start":{"line":193,"column":4},"end":{"line":193,"column":27}},"127":{"start":{"line":193,"column":15},"end":{"line":193,"column":27}},"128":{"start":{"line":196,"column":4},"end":{"line":196,"column":25}},"129":{"start":{"line":196,"column":16},"end":{"line":196,"column":25}},"130":{"start":{"line":197,"column":28},"end":{"line":199,"column":52}},"131":{"start":{"line":200,"column":4},"end":{"line":200,"column":54}},"132":{"start":{"line":200,"column":45},"end":{"line":200,"column":54}},"133":{"start":{"line":201,"column":21},"end":{"line":201,"column":23}},"134":{"start":{"line":202,"column":4},"end":{"line":207,"column":8}},"135":{"start":{"line":203,"column":21},"end":{"line":203,"column":106}},"136":{"start":{"line":204,"column":6},"end":{"line":204,"column":53}},"137":{"start":{"line":205,"column":19},"end":{"line":205,"column":75}},"138":{"start":{"line":206,"column":6},"end":{"line":206,"column":75}},"139":{"start":{"line":208,"column":4},"end":{"line":208,"column":23}},"140":{"start":{"line":213,"column":35},"end":{"line":247,"column":1}},"141":{"start":{"line":215,"column":4},"end":{"line":215,"column":28}},"142":{"start":{"line":215,"column":16},"end":{"line":215,"column":28}},"143":{"start":{"line":216,"column":28},"end":{"line":220,"column":15}},"144":{"start":{"line":221,"column":4},"end":{"line":221,"column":89}},"145":{"start":{"line":221,"column":17},"end":{"line":221,"column":74}},"146":{"start":{"line":221,"column":75},"end":{"line":221,"column":87}},"147":{"start":{"line":222,"column":4},"end":{"line":222,"column":16}},"148":{"start":{"line":225,"column":28},"end":{"line":228,"column":48}},"149":{"start":{"line":229,"column":4},"end":{"line":229,"column":90}},"150":{"start":{"line":229,"column":17},"end":{"line":229,"column":77}},"151":{"start":{"line":229,"column":78},"end":{"line":229,"column":88}},"152":{"start":{"line":230,"column":4},"end":{"line":230,"column":22}},"153":{"start":{"line":233,"column":28},"end":{"line":233,"column":98}},"154":{"start":{"line":234,"column":4},"end":{"line":234,"column":27}},"155":{"start":{"line":234,"column":15},"end":{"line":234,"column":27}},"156":{"start":{"line":235,"column":4},"end":{"line":235,"column":16}},"157":{"start":{"line":238,"column":28},"end":{"line":243,"column":15}},"158":{"start":{"line":244,"column":4},"end":{"line":244,"column":27}},"159":{"start":{"line":244,"column":15},"end":{"line":244,"column":27}},"160":{"start":{"line":245,"column":4},"end":{"line":245,"column":16}},"161":{"start":{"line":250,"column":32},"end":{"line":274,"column":1}},"162":{"start":{"line":252,"column":4},"end":{"line":252,"column":23}},"163":{"start":{"line":252,"column":16},"end":{"line":252,"column":23}},"164":{"start":{"line":253,"column":4},"end":{"line":272,"column":76}},"165":{"start":{"line":254,"column":29},"end":{"line":257,"column":37}},"166":{"start":{"line":258,"column":6},"end":{"line":258,"column":45}},"167":{"start":{"line":258,"column":38},"end":{"line":258,"column":45}},"168":{"start":{"line":259,"column":27},"end":{"line":259,"column":92}},"169":{"start":{"line":259,"column":44},"end":{"line":259,"column":91}},"170":{"start":{"line":260,"column":6},"end":{"line":260,"column":44}},"171":{"start":{"line":260,"column":37},"end":{"line":260,"column":44}},"172":{"start":{"line":261,"column":33},"end":{"line":262,"column":89}},"173":{"start":{"line":263,"column":29},"end":{"line":263,"column":72}},"174":{"start":{"line":263,"column":63},"end":{"line":263,"column":70}},"175":{"start":{"line":264,"column":23},"end":{"line":270,"column":26}},"176":{"start":{"line":266,"column":22},"end":{"line":266,"column":85}},"177":{"start":{"line":267,"column":24},"end":{"line":267,"column":52}},"178":{"start":{"line":268,"column":10},"end":{"line":268,"column":53}},"179":{"start":{"line":268,"column":41},"end":{"line":268,"column":53}},"180":{"start":{"line":269,"column":10},"end":{"line":269,"column":216}},"181":{"start":{"line":271,"column":6},"end":{"line":271,"column":78}},"182":{"start":{"line":271,"column":31},"end":{"line":271,"column":78}},"183":{"start":{"line":272,"column":18},"end":{"line":272,"column":74}},"184":{"start":{"line":279,"column":23},"end":{"line":279,"column":187}},"185":{"start":{"line":281,"column":27},"end":{"line":338,"column":1}},"186":{"start":{"line":282,"column":21},"end":{"line":282,"column":58}},"187":{"start":{"line":287,"column":19},"end":{"line":287,"column":54}},"188":{"start":{"line":288,"column":4},"end":{"line":288,"column":49}},"189":{"start":{"line":288,"column":17},"end":{"line":288,"column":49}},"190":{"start":{"line":289,"column":18},"end":{"line":289,"column":36}},"191":{"start":{"line":291,"column":16},"end":{"line":301,"column":5}},"192":{"start":{"line":303,"column":4},"end":{"line":308,"column":5}},"193":{"start":{"line":304,"column":16},"end":{"line":304,"column":50}},"194":{"start":{"line":304,"column":46},"end":{"line":304,"column":48}},"195":{"start":{"line":305,"column":6},"end":{"line":305,"column":119}},"196":{"start":{"line":305,"column":30},"end":{"line":305,"column":119}},"197":{"start":{"line":306,"column":6},"end":{"line":306,"column":115}},"198":{"start":{"line":306,"column":30},"end":{"line":306,"column":115}},"199":{"start":{"line":307,"column":6},"end":{"line":307,"column":78}},"200":{"start":{"line":310,"column":17},"end":{"line":310,"column":33}},"201":{"start":{"line":311,"column":4},"end":{"line":311,"column":53}},"202":{"start":{"line":315,"column":4},"end":{"line":318,"column":7}},"203":{"start":{"line":322,"column":4},"end":{"line":325,"column":7}},"204":{"start":{"line":329,"column":4},"end":{"line":332,"column":7}},"205":{"start":{"line":336,"column":4},"end":{"line":336,"column":112}},"206":{"start":{"line":341,"column":29},"end":{"line":539,"column":1}},"207":{"start":{"line":342,"column":21},"end":{"line":342,"column":58}},"208":{"start":{"line":345,"column":19},"end":{"line":345,"column":54}},"209":{"start":{"line":346,"column":4},"end":{"line":346,"column":116}},"210":{"start":{"line":346,"column":17},"end":{"line":346,"column":116}},"211":{"start":{"line":348,"column":4},"end":{"line":391,"column":5}},"212":{"start":{"line":349,"column":18},"end":{"line":365,"column":8}},"213":{"start":{"line":359,"column":39},"end":{"line":362,"column":11}},"214":{"start":{"line":363,"column":37},"end":{"line":363,"column":56}},"215":{"start":{"line":367,"column":6},"end":{"line":377,"column":7}},"216":{"start":{"line":368,"column":26},"end":{"line":368,"column":60}},"217":{"start":{"line":368,"column":56},"end":{"line":368,"column":58}},"218":{"start":{"line":369,"column":25},"end":{"line":369,"column":74}},"219":{"start":{"line":370,"column":8},"end":{"line":370,"column":66}},"220":{"start":{"line":372,"column":8},"end":{"line":372,"column":81}},"221":{"start":{"line":372,"column":32},"end":{"line":372,"column":81}},"222":{"start":{"line":373,"column":8},"end":{"line":373,"column":100}},"223":{"start":{"line":373,"column":32},"end":{"line":373,"column":100}},"224":{"start":{"line":374,"column":8},"end":{"line":374,"column":83}},"225":{"start":{"line":374,"column":32},"end":{"line":374,"column":83}},"226":{"start":{"line":376,"column":8},"end":{"line":376,"column":53}},"227":{"start":{"line":379,"column":19},"end":{"line":379,"column":35}},"228":{"start":{"line":380,"column":22},"end":{"line":380,"column":51}},"229":{"start":{"line":382,"column":6},"end":{"line":385,"column":7}},"230":{"start":{"line":383,"column":8},"end":{"line":383,"column":58}},"231":{"start":{"line":384,"column":8},"end":{"line":384,"column":18}},"232":{"start":{"line":387,"column":6},"end":{"line":387,"column":21}},"233":{"start":{"line":389,"column":6},"end":{"line":389,"column":60}},"234":{"start":{"line":390,"column":6},"end":{"line":390,"column":16}},"235":{"start":{"line":396,"column":4},"end":{"line":413,"column":7}},"236":{"start":{"line":418,"column":4},"end":{"line":435,"column":7}},"237":{"start":{"line":440,"column":4},"end":{"line":457,"column":7}},"238":{"start":{"line":462,"column":4},"end":{"line":480,"column":7}},"239":{"start":{"line":485,"column":4},"end":{"line":514,"column":7}},"240":{"start":{"line":519,"column":4},"end":{"line":529,"column":7}},"241":{"start":{"line":534,"column":4},"end":{"line":536,"column":5}},"242":{"start":{"line":535,"column":6},"end":{"line":535,"column":63}},"243":{"start":{"line":537,"column":4},"end":{"line":537,"column":40}},"244":{"start":{"line":542,"column":30},"end":{"line":657,"column":1}},"245":{"start":{"line":544,"column":28},"end":{"line":544,"column":93}},"246":{"start":{"line":545,"column":4},"end":{"line":545,"column":27}},"247":{"start":{"line":545,"column":15},"end":{"line":545,"column":27}},"248":{"start":{"line":546,"column":4},"end":{"line":546,"column":16}},"249":{"start":{"line":549,"column":4},"end":{"line":549,"column":26}},"250":{"start":{"line":549,"column":16},"end":{"line":549,"column":26}},"251":{"start":{"line":550,"column":28},"end":{"line":554,"column":48}},"252":{"start":{"line":555,"column":4},"end":{"line":555,"column":85}},"253":{"start":{"line":555,"column":17},"end":{"line":555,"column":72}},"254":{"start":{"line":555,"column":73},"end":{"line":555,"column":83}},"255":{"start":{"line":556,"column":4},"end":{"line":556,"column":22}},"256":{"start":{"line":559,"column":28},"end":{"line":560,"column":70}},"257":{"start":{"line":561,"column":4},"end":{"line":561,"column":27}},"258":{"start":{"line":561,"column":15},"end":{"line":561,"column":27}},"259":{"start":{"line":562,"column":4},"end":{"line":562,"column":16}},"260":{"start":{"line":565,"column":22},"end":{"line":565,"column":75}},"261":{"start":{"line":566,"column":4},"end":{"line":566,"column":27}},"262":{"start":{"line":566,"column":15},"end":{"line":566,"column":27}},"263":{"start":{"line":581,"column":4},"end":{"line":583,"column":5}},"264":{"start":{"line":582,"column":6},"end":{"line":582,"column":70}},"265":{"start":{"line":585,"column":4},"end":{"line":623,"column":5}},"266":{"start":{"line":587,"column":51},"end":{"line":591,"column":22}},"267":{"start":{"line":593,"column":6},"end":{"line":593,"column":39}},"268":{"start":{"line":593,"column":22},"end":{"line":593,"column":39}},"269":{"start":{"line":596,"column":27},"end":{"line":598,"column":12}},"270":{"start":{"line":601,"column":6},"end":{"line":601,"column":42}},"271":{"start":{"line":604,"column":30},"end":{"line":609,"column":17}},"272":{"start":{"line":611,"column":6},"end":{"line":611,"column":29}},"273":{"start":{"line":611,"column":17},"end":{"line":611,"column":29}},"274":{"start":{"line":612,"column":6},"end":{"line":612,"column":18}},"275":{"start":{"line":616,"column":6},"end":{"line":616,"column":77}},"276":{"start":{"line":618,"column":39},"end":{"line":621,"column":25}},"277":{"start":{"line":622,"column":6},"end":{"line":622,"column":45}},"278":{"start":{"line":622,"column":25},"end":{"line":622,"column":45}},"279":{"start":{"line":633,"column":4},"end":{"line":633,"column":52}},"280":{"start":{"line":633,"column":36},"end":{"line":633,"column":52}},"281":{"start":{"line":635,"column":4},"end":{"line":655,"column":5}},"282":{"start":{"line":636,"column":30},"end":{"line":640,"column":22}},"283":{"start":{"line":642,"column":6},"end":{"line":642,"column":42}},"284":{"start":{"line":642,"column":26},"end":{"line":642,"column":42}},"285":{"start":{"line":645,"column":6},"end":{"line":648,"column":7}},"286":{"start":{"line":646,"column":32},"end":{"line":646,"column":71}},"287":{"start":{"line":647,"column":8},"end":{"line":647,"column":52}},"288":{"start":{"line":647,"column":29},"end":{"line":647,"column":52}},"289":{"start":{"line":651,"column":6},"end":{"line":651,"column":35}},"290":{"start":{"line":653,"column":6},"end":{"line":653,"column":72}},"291":{"start":{"line":654,"column":6},"end":{"line":654,"column":22}},"292":{"start":{"line":666,"column":44},"end":{"line":695,"column":1}},"293":{"start":{"line":667,"column":2},"end":{"line":694,"column":3}},"294":{"start":{"line":670,"column":22},"end":{"line":673,"column":15}},"295":{"start":{"line":676,"column":4},"end":{"line":679,"column":5}},"296":{"start":{"line":677,"column":6},"end":{"line":677,"column":58}},"297":{"start":{"line":678,"column":6},"end":{"line":678,"column":18}},"298":{"start":{"line":682,"column":4},"end":{"line":688,"column":5}},"299":{"start":{"line":683,"column":6},"end":{"line":683,"column":86}},"300":{"start":{"line":684,"column":6},"end":{"line":684,"column":67}},"301":{"start":{"line":685,"column":6},"end":{"line":685,"column":95}},"302":{"start":{"line":687,"column":6},"end":{"line":687,"column":19}},"303":{"start":{"line":690,"column":4},"end":{"line":690,"column":16}},"304":{"start":{"line":692,"column":4},"end":{"line":692,"column":73}},"305":{"start":{"line":693,"column":4},"end":{"line":693,"column":17}},"306":{"start":{"line":698,"column":28},"end":{"line":723,"column":1}},"307":{"start":{"line":701,"column":4},"end":{"line":701,"column":73}},"308":{"start":{"line":702,"column":4},"end":{"line":702,"column":71}},"309":{"start":{"line":705,"column":22},"end":{"line":707,"column":6}},"310":{"start":{"line":708,"column":4},"end":{"line":708,"column":27}},"311":{"start":{"line":708,"column":15},"end":{"line":708,"column":27}},"312":{"start":{"line":709,"column":4},"end":{"line":709,"column":29}},"313":{"start":{"line":712,"column":4},"end":{"line":712,"column":64}},"314":{"start":{"line":713,"column":4},"end":{"line":713,"column":29}},"315":{"start":{"line":717,"column":4},"end":{"line":717,"column":55}},"316":{"start":{"line":720,"column":4},"end":{"line":720,"column":66}},"317":{"start":{"line":721,"column":4},"end":{"line":721,"column":68}}},"fnMap":{"0":{"name":"(anonymous_0)","decl":{"start":{"line":7,"column":27},"end":{"line":7,"column":28}},"loc":{"start":{"line":7,"column":35},"end":{"line":7,"column":58}},"line":7},"1":{"name":"(anonymous_1)","decl":{"start":{"line":10,"column":11},"end":{"line":10,"column":12}},"loc":{"start":{"line":10,"column":20},"end":{"line":10,"column":104}},"line":10},"2":{"name":"(anonymous_2)","decl":{"start":{"line":11,"column":11},"end":{"line":11,"column":12}},"loc":{"start":{"line":11,"column":20},"end":{"line":11,"column":104}},"line":11},"3":{"name":"(anonymous_3)","decl":{"start":{"line":12,"column":11},"end":{"line":12,"column":12}},"loc":{"start":{"line":12,"column":20},"end":{"line":12,"column":105}},"line":12},"4":{"name":"(anonymous_4)","decl":{"start":{"line":13,"column":11},"end":{"line":13,"column":12}},"loc":{"start":{"line":13,"column":20},"end":{"line":13,"column":105}},"line":13},"5":{"name":"(anonymous_5)","decl":{"start":{"line":18,"column":10},"end":{"line":18,"column":11}},"loc":{"start":{"line":18,"column":27},"end":{"line":31,"column":3}},"line":18},"6":{"name":"(anonymous_6)","decl":{"start":{"line":27,"column":28},"end":{"line":27,"column":29}},"loc":{"start":{"line":27,"column":34},"end":{"line":30,"column":5}},"line":27},"7":{"name":"(anonymous_7)","decl":{"start":{"line":32,"column":10},"end":{"line":32,"column":11}},"loc":{"start":{"line":32,"column":29},"end":{"line":36,"column":3}},"line":32},"8":{"name":"(anonymous_8)","decl":{"start":{"line":37,"column":10},"end":{"line":37,"column":11}},"loc":{"start":{"line":37,"column":33},"end":{"line":41,"column":3}},"line":37},"9":{"name":"(anonymous_9)","decl":{"start":{"line":42,"column":10},"end":{"line":42,"column":11}},"loc":{"start":{"line":42,"column":24},"end":{"line":45,"column":3}},"line":42},"10":{"name":"(anonymous_10)","decl":{"start":{"line":50,"column":10},"end":{"line":50,"column":11}},"loc":{"start":{"line":50,"column":27},"end":{"line":59,"column":3}},"line":50},"11":{"name":"(anonymous_11)","decl":{"start":{"line":60,"column":10},"end":{"line":60,"column":11}},"loc":{"start":{"line":60,"column":29},"end":{"line":64,"column":3}},"line":60},"12":{"name":"(anonymous_12)","decl":{"start":{"line":65,"column":10},"end":{"line":65,"column":11}},"loc":{"start":{"line":65,"column":33},"end":{"line":69,"column":3}},"line":65},"13":{"name":"(anonymous_13)","decl":{"start":{"line":70,"column":10},"end":{"line":70,"column":11}},"loc":{"start":{"line":70,"column":24},"end":{"line":73,"column":3}},"line":70},"14":{"name":"(anonymous_14)","decl":{"start":{"line":78,"column":10},"end":{"line":78,"column":11}},"loc":{"start":{"line":78,"column":27},"end":{"line":92,"column":3}},"line":78},"15":{"name":"(anonymous_15)","decl":{"start":{"line":87,"column":28},"end":{"line":87,"column":29}},"loc":{"start":{"line":87,"column":34},"end":{"line":91,"column":5}},"line":87},"16":{"name":"(anonymous_16)","decl":{"start":{"line":93,"column":10},"end":{"line":93,"column":11}},"loc":{"start":{"line":93,"column":29},"end":{"line":97,"column":3}},"line":93},"17":{"name":"(anonymous_17)","decl":{"start":{"line":98,"column":10},"end":{"line":98,"column":11}},"loc":{"start":{"line":98,"column":33},"end":{"line":102,"column":3}},"line":98},"18":{"name":"(anonymous_18)","decl":{"start":{"line":103,"column":10},"end":{"line":103,"column":11}},"loc":{"start":{"line":103,"column":24},"end":{"line":106,"column":3}},"line":103},"19":{"name":"(anonymous_19)","decl":{"start":{"line":111,"column":10},"end":{"line":111,"column":11}},"loc":{"start":{"line":111,"column":27},"end":{"line":120,"column":3}},"line":111},"20":{"name":"(anonymous_20)","decl":{"start":{"line":121,"column":16},"end":{"line":121,"column":17}},"loc":{"start":{"line":121,"column":33},"end":{"line":133,"column":3}},"line":121},"21":{"name":"(anonymous_21)","decl":{"start":{"line":131,"column":103},"end":{"line":131,"column":104}},"loc":{"start":{"line":131,"column":111},"end":{"line":131,"column":124}},"line":131},"22":{"name":"(anonymous_22)","decl":{"start":{"line":134,"column":10},"end":{"line":134,"column":11}},"loc":{"start":{"line":134,"column":29},"end":{"line":138,"column":3}},"line":134},"23":{"name":"(anonymous_23)","decl":{"start":{"line":143,"column":10},"end":{"line":143,"column":11}},"loc":{"start":{"line":143,"column":27},"end":{"line":154,"column":3}},"line":143},"24":{"name":"(anonymous_24)","decl":{"start":{"line":155,"column":10},"end":{"line":155,"column":11}},"loc":{"start":{"line":155,"column":33},"end":{"line":159,"column":3}},"line":155},"25":{"name":"(anonymous_25)","decl":{"start":{"line":160,"column":10},"end":{"line":160,"column":11}},"loc":{"start":{"line":160,"column":29},"end":{"line":164,"column":3}},"line":160},"26":{"name":"(anonymous_26)","decl":{"start":{"line":169,"column":10},"end":{"line":169,"column":11}},"loc":{"start":{"line":169,"column":27},"end":{"line":178,"column":3}},"line":169},"27":{"name":"(anonymous_27)","decl":{"start":{"line":179,"column":10},"end":{"line":179,"column":11}},"loc":{"start":{"line":179,"column":29},"end":{"line":185,"column":3}},"line":179},"28":{"name":"(anonymous_28)","decl":{"start":{"line":186,"column":10},"end":{"line":186,"column":11}},"loc":{"start":{"line":186,"column":33},"end":{"line":190,"column":3}},"line":186},"29":{"name":"(anonymous_29)","decl":{"start":{"line":191,"column":10},"end":{"line":191,"column":11}},"loc":{"start":{"line":191,"column":24},"end":{"line":194,"column":3}},"line":191},"30":{"name":"(anonymous_30)","decl":{"start":{"line":195,"column":26},"end":{"line":195,"column":27}},"loc":{"start":{"line":195,"column":43},"end":{"line":209,"column":3}},"line":195},"31":{"name":"(anonymous_31)","decl":{"start":{"line":202,"column":38},"end":{"line":202,"column":39}},"loc":{"start":{"line":202,"column":45},"end":{"line":207,"column":5}},"line":202},"32":{"name":"(anonymous_32)","decl":{"start":{"line":214,"column":7},"end":{"line":214,"column":8}},"loc":{"start":{"line":214,"column":24},"end":{"line":223,"column":3}},"line":214},"33":{"name":"(anonymous_33)","decl":{"start":{"line":224,"column":10},"end":{"line":224,"column":11}},"loc":{"start":{"line":224,"column":22},"end":{"line":231,"column":3}},"line":224},"34":{"name":"(anonymous_34)","decl":{"start":{"line":232,"column":10},"end":{"line":232,"column":11}},"loc":{"start":{"line":232,"column":29},"end":{"line":236,"column":3}},"line":232},"35":{"name":"(anonymous_35)","decl":{"start":{"line":237,"column":10},"end":{"line":237,"column":11}},"loc":{"start":{"line":237,"column":36},"end":{"line":246,"column":3}},"line":237},"36":{"name":"(anonymous_36)","decl":{"start":{"line":251,"column":13},"end":{"line":251,"column":14}},"loc":{"start":{"line":251,"column":30},"end":{"line":273,"column":3}},"line":251},"37":{"name":"(anonymous_37)","decl":{"start":{"line":259,"column":39},"end":{"line":259,"column":40}},"loc":{"start":{"line":259,"column":44},"end":{"line":259,"column":91}},"line":259},"38":{"name":"(anonymous_38)","decl":{"start":{"line":263,"column":58},"end":{"line":263,"column":59}},"loc":{"start":{"line":263,"column":63},"end":{"line":263,"column":70}},"line":263},"39":{"name":"(anonymous_39)","decl":{"start":{"line":265,"column":13},"end":{"line":265,"column":14}},"loc":{"start":{"line":265,"column":20},"end":{"line":270,"column":9}},"line":265},"40":{"name":"(anonymous_40)","decl":{"start":{"line":282,"column":15},"end":{"line":282,"column":16}},"loc":{"start":{"line":282,"column":21},"end":{"line":282,"column":58}},"line":282},"41":{"name":"(anonymous_41)","decl":{"start":{"line":286,"column":8},"end":{"line":286,"column":9}},"loc":{"start":{"line":286,"column":57},"end":{"line":312,"column":3}},"line":286},"42":{"name":"(anonymous_42)","decl":{"start":{"line":304,"column":39},"end":{"line":304,"column":40}},"loc":{"start":{"line":304,"column":46},"end":{"line":304,"column":48}},"line":304},"43":{"name":"(anonymous_43)","decl":{"start":{"line":314,"column":15},"end":{"line":314,"column":16}},"loc":{"start":{"line":314,"column":37},"end":{"line":319,"column":3}},"line":314},"44":{"name":"(anonymous_44)","decl":{"start":{"line":321,"column":16},"end":{"line":321,"column":17}},"loc":{"start":{"line":321,"column":32},"end":{"line":326,"column":3}},"line":321},"45":{"name":"(anonymous_45)","decl":{"start":{"line":328,"column":19},"end":{"line":328,"column":20}},"loc":{"start":{"line":328,"column":45},"end":{"line":333,"column":3}},"line":328},"46":{"name":"(anonymous_46)","decl":{"start":{"line":335,"column":7},"end":{"line":335,"column":8}},"loc":{"start":{"line":335,"column":46},"end":{"line":337,"column":3}},"line":335},"47":{"name":"(anonymous_47)","decl":{"start":{"line":342,"column":15},"end":{"line":342,"column":16}},"loc":{"start":{"line":342,"column":21},"end":{"line":342,"column":58}},"line":342},"48":{"name":"(anonymous_48)","decl":{"start":{"line":344,"column":8},"end":{"line":344,"column":9}},"loc":{"start":{"line":344,"column":64},"end":{"line":392,"column":3}},"line":344},"49":{"name":"(anonymous_49)","decl":{"start":{"line":359,"column":33},"end":{"line":359,"column":34}},"loc":{"start":{"line":359,"column":39},"end":{"line":362,"column":11}},"line":359},"50":{"name":"(anonymous_50)","decl":{"start":{"line":363,"column":32},"end":{"line":363,"column":33}},"loc":{"start":{"line":363,"column":37},"end":{"line":363,"column":56}},"line":363},"51":{"name":"(anonymous_51)","decl":{"start":{"line":368,"column":49},"end":{"line":368,"column":50}},"loc":{"start":{"line":368,"column":56},"end":{"line":368,"column":58}},"line":368},"52":{"name":"(anonymous_52)","decl":{"start":{"line":395,"column":13},"end":{"line":395,"column":14}},"loc":{"start":{"line":395,"column":55},"end":{"line":414,"column":3}},"line":395},"53":{"name":"(anonymous_53)","decl":{"start":{"line":417,"column":16},"end":{"line":417,"column":17}},"loc":{"start":{"line":417,"column":46},"end":{"line":436,"column":3}},"line":417},"54":{"name":"(anonymous_54)","decl":{"start":{"line":439,"column":20},"end":{"line":439,"column":21}},"loc":{"start":{"line":439,"column":55},"end":{"line":458,"column":3}},"line":439},"55":{"name":"(anonymous_55)","decl":{"start":{"line":461,"column":17},"end":{"line":461,"column":18}},"loc":{"start":{"line":461,"column":53},"end":{"line":481,"column":3}},"line":461},"56":{"name":"(anonymous_56)","decl":{"start":{"line":484,"column":16},"end":{"line":484,"column":17}},"loc":{"start":{"line":484,"column":72},"end":{"line":515,"column":3}},"line":484},"57":{"name":"(anonymous_57)","decl":{"start":{"line":518,"column":19},"end":{"line":518,"column":20}},"loc":{"start":{"line":518,"column":45},"end":{"line":530,"column":3}},"line":518},"58":{"name":"(anonymous_58)","decl":{"start":{"line":533,"column":7},"end":{"line":533,"column":8}},"loc":{"start":{"line":533,"column":46},"end":{"line":538,"column":3}},"line":533},"59":{"name":"(anonymous_59)","decl":{"start":{"line":543,"column":10},"end":{"line":543,"column":11}},"loc":{"start":{"line":543,"column":29},"end":{"line":547,"column":3}},"line":543},"60":{"name":"(anonymous_60)","decl":{"start":{"line":548,"column":10},"end":{"line":548,"column":11}},"loc":{"start":{"line":548,"column":27},"end":{"line":557,"column":3}},"line":548},"61":{"name":"(anonymous_61)","decl":{"start":{"line":558,"column":10},"end":{"line":558,"column":11}},"loc":{"start":{"line":558,"column":33},"end":{"line":563,"column":3}},"line":558},"62":{"name":"(anonymous_62)","decl":{"start":{"line":564,"column":10},"end":{"line":564,"column":11}},"loc":{"start":{"line":564,"column":24},"end":{"line":567,"column":3}},"line":564},"63":{"name":"(anonymous_63)","decl":{"start":{"line":580,"column":26},"end":{"line":580,"column":27}},"loc":{"start":{"line":580,"column":66},"end":{"line":624,"column":3}},"line":580},"64":{"name":"(anonymous_64)","decl":{"start":{"line":632,"column":26},"end":{"line":632,"column":27}},"loc":{"start":{"line":632,"column":60},"end":{"line":656,"column":3}},"line":632},"65":{"name":"(anonymous_65)","decl":{"start":{"line":666,"column":44},"end":{"line":666,"column":45}},"loc":{"start":{"line":666,"column":56},"end":{"line":695,"column":1}},"line":666},"66":{"name":"(anonymous_66)","decl":{"start":{"line":699,"column":18},"end":{"line":699,"column":19}},"loc":{"start":{"line":699,"column":44},"end":{"line":703,"column":3}},"line":699},"67":{"name":"(anonymous_67)","decl":{"start":{"line":704,"column":21},"end":{"line":704,"column":22}},"loc":{"start":{"line":704,"column":38},"end":{"line":710,"column":3}},"line":704},"68":{"name":"(anonymous_68)","decl":{"start":{"line":711,"column":20},"end":{"line":711,"column":21}},"loc":{"start":{"line":711,"column":49},"end":{"line":714,"column":3}},"line":711},"69":{"name":"(anonymous_69)","decl":{"start":{"line":716,"column":14},"end":{"line":716,"column":15}},"loc":{"start":{"line":716,"column":40},"end":{"line":718,"column":3}},"line":716},"70":{"name":"(anonymous_70)","decl":{"start":{"line":719,"column":15},"end":{"line":719,"column":16}},"loc":{"start":{"line":719,"column":45},"end":{"line":722,"column":3}},"line":719}},"branchMap":{"0":{"loc":{"start":{"line":19,"column":4},"end":{"line":19,"column":26}},"type":"if","locations":[{"start":{"line":19,"column":4},"end":{"line":19,"column":26}},{"start":{},"end":{}}],"line":19},"1":{"loc":{"start":{"line":25,"column":4},"end":{"line":25,"column":81}},"type":"if","locations":[{"start":{"line":25,"column":4},"end":{"line":25,"column":81}},{"start":{},"end":{}}],"line":25},"2":{"loc":{"start":{"line":27,"column":12},"end":{"line":27,"column":22}},"type":"binary-expr","locations":[{"start":{"line":27,"column":12},"end":{"line":27,"column":16}},{"start":{"line":27,"column":20},"end":{"line":27,"column":22}}],"line":27},"3":{"loc":{"start":{"line":29,"column":13},"end":{"line":29,"column":51}},"type":"binary-expr","locations":[{"start":{"line":29,"column":13},"end":{"line":29,"column":20}},{"start":{"line":29,"column":24},"end":{"line":29,"column":35}},{"start":{"line":29,"column":39},"end":{"line":29,"column":51}}],"line":29},"4":{"loc":{"start":{"line":34,"column":4},"end":{"line":34,"column":27}},"type":"if","locations":[{"start":{"line":34,"column":4},"end":{"line":34,"column":27}},{"start":{},"end":{}}],"line":34},"5":{"loc":{"start":{"line":35,"column":29},"end":{"line":35,"column":63}},"type":"binary-expr","locations":[{"start":{"line":35,"column":29},"end":{"line":35,"column":39}},{"start":{"line":35,"column":43},"end":{"line":35,"column":57}},{"start":{"line":35,"column":61},"end":{"line":35,"column":63}}],"line":35},"6":{"loc":{"start":{"line":39,"column":4},"end":{"line":39,"column":27}},"type":"if","locations":[{"start":{"line":39,"column":4},"end":{"line":39,"column":27}},{"start":{},"end":{}}],"line":39},"7":{"loc":{"start":{"line":44,"column":4},"end":{"line":44,"column":27}},"type":"if","locations":[{"start":{"line":44,"column":4},"end":{"line":44,"column":27}},{"start":{},"end":{}}],"line":44},"8":{"loc":{"start":{"line":51,"column":4},"end":{"line":51,"column":26}},"type":"if","locations":[{"start":{"line":51,"column":4},"end":{"line":51,"column":26}},{"start":{},"end":{}}],"line":51},"9":{"loc":{"start":{"line":57,"column":4},"end":{"line":57,"column":81}},"type":"if","locations":[{"start":{"line":57,"column":4},"end":{"line":57,"column":81}},{"start":{},"end":{}}],"line":57},"10":{"loc":{"start":{"line":58,"column":11},"end":{"line":58,"column":21}},"type":"binary-expr","locations":[{"start":{"line":58,"column":11},"end":{"line":58,"column":15}},{"start":{"line":58,"column":19},"end":{"line":58,"column":21}}],"line":58},"11":{"loc":{"start":{"line":62,"column":4},"end":{"line":62,"column":27}},"type":"if","locations":[{"start":{"line":62,"column":4},"end":{"line":62,"column":27}},{"start":{},"end":{}}],"line":62},"12":{"loc":{"start":{"line":67,"column":4},"end":{"line":67,"column":27}},"type":"if","locations":[{"start":{"line":67,"column":4},"end":{"line":67,"column":27}},{"start":{},"end":{}}],"line":67},"13":{"loc":{"start":{"line":72,"column":4},"end":{"line":72,"column":27}},"type":"if","locations":[{"start":{"line":72,"column":4},"end":{"line":72,"column":27}},{"start":{},"end":{}}],"line":72},"14":{"loc":{"start":{"line":79,"column":4},"end":{"line":79,"column":26}},"type":"if","locations":[{"start":{"line":79,"column":4},"end":{"line":79,"column":26}},{"start":{},"end":{}}],"line":79},"15":{"loc":{"start":{"line":85,"column":4},"end":{"line":85,"column":88}},"type":"if","locations":[{"start":{"line":85,"column":4},"end":{"line":85,"column":88}},{"start":{},"end":{}}],"line":85},"16":{"loc":{"start":{"line":87,"column":12},"end":{"line":87,"column":22}},"type":"binary-expr","locations":[{"start":{"line":87,"column":12},"end":{"line":87,"column":16}},{"start":{"line":87,"column":20},"end":{"line":87,"column":22}}],"line":87},"17":{"loc":{"start":{"line":89,"column":12},"end":{"line":89,"column":45}},"type":"binary-expr","locations":[{"start":{"line":89,"column":12},"end":{"line":89,"column":18}},{"start":{"line":89,"column":22},"end":{"line":89,"column":29}},{"start":{"line":89,"column":33},"end":{"line":89,"column":45}}],"line":89},"18":{"loc":{"start":{"line":90,"column":13},"end":{"line":90,"column":46}},"type":"binary-expr","locations":[{"start":{"line":90,"column":13},"end":{"line":90,"column":20}},{"start":{"line":90,"column":24},"end":{"line":90,"column":32}},{"start":{"line":90,"column":36},"end":{"line":90,"column":46}}],"line":90},"19":{"loc":{"start":{"line":95,"column":4},"end":{"line":95,"column":27}},"type":"if","locations":[{"start":{"line":95,"column":4},"end":{"line":95,"column":27}},{"start":{},"end":{}}],"line":95},"20":{"loc":{"start":{"line":100,"column":4},"end":{"line":100,"column":27}},"type":"if","locations":[{"start":{"line":100,"column":4},"end":{"line":100,"column":27}},{"start":{},"end":{}}],"line":100},"21":{"loc":{"start":{"line":105,"column":4},"end":{"line":105,"column":27}},"type":"if","locations":[{"start":{"line":105,"column":4},"end":{"line":105,"column":27}},{"start":{},"end":{}}],"line":105},"22":{"loc":{"start":{"line":112,"column":4},"end":{"line":112,"column":26}},"type":"if","locations":[{"start":{"line":112,"column":4},"end":{"line":112,"column":26}},{"start":{},"end":{}}],"line":112},"23":{"loc":{"start":{"line":118,"column":4},"end":{"line":118,"column":89}},"type":"if","locations":[{"start":{"line":118,"column":4},"end":{"line":118,"column":89}},{"start":{},"end":{}}],"line":118},"24":{"loc":{"start":{"line":119,"column":11},"end":{"line":119,"column":21}},"type":"binary-expr","locations":[{"start":{"line":119,"column":11},"end":{"line":119,"column":15}},{"start":{"line":119,"column":19},"end":{"line":119,"column":21}}],"line":119},"25":{"loc":{"start":{"line":122,"column":4},"end":{"line":122,"column":26}},"type":"if","locations":[{"start":{"line":122,"column":4},"end":{"line":122,"column":26}},{"start":{},"end":{}}],"line":122},"26":{"loc":{"start":{"line":131,"column":4},"end":{"line":131,"column":129}},"type":"if","locations":[{"start":{"line":131,"column":4},"end":{"line":131,"column":129}},{"start":{},"end":{}}],"line":131},"27":{"loc":{"start":{"line":132,"column":11},"end":{"line":132,"column":21}},"type":"binary-expr","locations":[{"start":{"line":132,"column":11},"end":{"line":132,"column":15}},{"start":{"line":132,"column":19},"end":{"line":132,"column":21}}],"line":132},"28":{"loc":{"start":{"line":136,"column":4},"end":{"line":136,"column":27}},"type":"if","locations":[{"start":{"line":136,"column":4},"end":{"line":136,"column":27}},{"start":{},"end":{}}],"line":136},"29":{"loc":{"start":{"line":144,"column":4},"end":{"line":144,"column":26}},"type":"if","locations":[{"start":{"line":144,"column":4},"end":{"line":144,"column":26}},{"start":{},"end":{}}],"line":144},"30":{"loc":{"start":{"line":152,"column":4},"end":{"line":152,"column":83}},"type":"if","locations":[{"start":{"line":152,"column":4},"end":{"line":152,"column":83}},{"start":{},"end":{}}],"line":152},"31":{"loc":{"start":{"line":153,"column":11},"end":{"line":153,"column":21}},"type":"binary-expr","locations":[{"start":{"line":153,"column":11},"end":{"line":153,"column":15}},{"start":{"line":153,"column":19},"end":{"line":153,"column":21}}],"line":153},"32":{"loc":{"start":{"line":157,"column":4},"end":{"line":157,"column":27}},"type":"if","locations":[{"start":{"line":157,"column":4},"end":{"line":157,"column":27}},{"start":{},"end":{}}],"line":157},"33":{"loc":{"start":{"line":162,"column":4},"end":{"line":162,"column":27}},"type":"if","locations":[{"start":{"line":162,"column":4},"end":{"line":162,"column":27}},{"start":{},"end":{}}],"line":162},"34":{"loc":{"start":{"line":170,"column":4},"end":{"line":170,"column":26}},"type":"if","locations":[{"start":{"line":170,"column":4},"end":{"line":170,"column":26}},{"start":{},"end":{}}],"line":170},"35":{"loc":{"start":{"line":176,"column":4},"end":{"line":176,"column":88}},"type":"if","locations":[{"start":{"line":176,"column":4},"end":{"line":176,"column":88}},{"start":{},"end":{}}],"line":176},"36":{"loc":{"start":{"line":177,"column":11},"end":{"line":177,"column":21}},"type":"binary-expr","locations":[{"start":{"line":177,"column":11},"end":{"line":177,"column":15}},{"start":{"line":177,"column":19},"end":{"line":177,"column":21}}],"line":177},"37":{"loc":{"start":{"line":183,"column":4},"end":{"line":183,"column":27}},"type":"if","locations":[{"start":{"line":183,"column":4},"end":{"line":183,"column":27}},{"start":{},"end":{}}],"line":183},"38":{"loc":{"start":{"line":188,"column":4},"end":{"line":188,"column":27}},"type":"if","locations":[{"start":{"line":188,"column":4},"end":{"line":188,"column":27}},{"start":{},"end":{}}],"line":188},"39":{"loc":{"start":{"line":193,"column":4},"end":{"line":193,"column":27}},"type":"if","locations":[{"start":{"line":193,"column":4},"end":{"line":193,"column":27}},{"start":{},"end":{}}],"line":193},"40":{"loc":{"start":{"line":196,"column":4},"end":{"line":196,"column":25}},"type":"if","locations":[{"start":{"line":196,"column":4},"end":{"line":196,"column":25}},{"start":{},"end":{}}],"line":196},"41":{"loc":{"start":{"line":200,"column":4},"end":{"line":200,"column":54}},"type":"if","locations":[{"start":{"line":200,"column":4},"end":{"line":200,"column":54}},{"start":{},"end":{}}],"line":200},"42":{"loc":{"start":{"line":200,"column":8},"end":{"line":200,"column":43}},"type":"binary-expr","locations":[{"start":{"line":200,"column":8},"end":{"line":200,"column":13}},{"start":{"line":200,"column":17},"end":{"line":200,"column":22}},{"start":{"line":200,"column":26},"end":{"line":200,"column":43}}],"line":200},"43":{"loc":{"start":{"line":203,"column":21},"end":{"line":203,"column":106}},"type":"cond-expr","locations":[{"start":{"line":203,"column":42},"end":{"line":203,"column":98}},{"start":{"line":203,"column":101},"end":{"line":203,"column":106}}],"line":203},"44":{"loc":{"start":{"line":204,"column":26},"end":{"line":204,"column":47}},"type":"binary-expr","locations":[{"start":{"line":204,"column":26},"end":{"line":204,"column":42}},{"start":{"line":204,"column":46},"end":{"line":204,"column":47}}],"line":204},"45":{"loc":{"start":{"line":215,"column":4},"end":{"line":215,"column":28}},"type":"if","locations":[{"start":{"line":215,"column":4},"end":{"line":215,"column":28}},{"start":{},"end":{}}],"line":215},"46":{"loc":{"start":{"line":221,"column":4},"end":{"line":221,"column":89}},"type":"if","locations":[{"start":{"line":221,"column":4},"end":{"line":221,"column":89}},{"start":{},"end":{}}],"line":221},"47":{"loc":{"start":{"line":229,"column":4},"end":{"line":229,"column":90}},"type":"if","locations":[{"start":{"line":229,"column":4},"end":{"line":229,"column":90}},{"start":{},"end":{}}],"line":229},"48":{"loc":{"start":{"line":230,"column":11},"end":{"line":230,"column":21}},"type":"binary-expr","locations":[{"start":{"line":230,"column":11},"end":{"line":230,"column":15}},{"start":{"line":230,"column":19},"end":{"line":230,"column":21}}],"line":230},"49":{"loc":{"start":{"line":234,"column":4},"end":{"line":234,"column":27}},"type":"if","locations":[{"start":{"line":234,"column":4},"end":{"line":234,"column":27}},{"start":{},"end":{}}],"line":234},"50":{"loc":{"start":{"line":244,"column":4},"end":{"line":244,"column":27}},"type":"if","locations":[{"start":{"line":244,"column":4},"end":{"line":244,"column":27}},{"start":{},"end":{}}],"line":244},"51":{"loc":{"start":{"line":252,"column":4},"end":{"line":252,"column":23}},"type":"if","locations":[{"start":{"line":252,"column":4},"end":{"line":252,"column":23}},{"start":{},"end":{}}],"line":252},"52":{"loc":{"start":{"line":258,"column":6},"end":{"line":258,"column":45}},"type":"if","locations":[{"start":{"line":258,"column":6},"end":{"line":258,"column":45}},{"start":{},"end":{}}],"line":258},"53":{"loc":{"start":{"line":258,"column":10},"end":{"line":258,"column":36}},"type":"binary-expr","locations":[{"start":{"line":258,"column":10},"end":{"line":258,"column":15}},{"start":{"line":258,"column":19},"end":{"line":258,"column":36}}],"line":258},"54":{"loc":{"start":{"line":259,"column":44},"end":{"line":259,"column":91}},"type":"binary-expr","locations":[{"start":{"line":259,"column":44},"end":{"line":259,"column":56}},{"start":{"line":259,"column":60},"end":{"line":259,"column":91}}],"line":259},"55":{"loc":{"start":{"line":260,"column":6},"end":{"line":260,"column":44}},"type":"if","locations":[{"start":{"line":260,"column":6},"end":{"line":260,"column":44}},{"start":{},"end":{}}],"line":260},"56":{"loc":{"start":{"line":263,"column":38},"end":{"line":263,"column":52}},"type":"binary-expr","locations":[{"start":{"line":263,"column":38},"end":{"line":263,"column":46}},{"start":{"line":263,"column":50},"end":{"line":263,"column":52}}],"line":263},"57":{"loc":{"start":{"line":266,"column":22},"end":{"line":266,"column":85}},"type":"cond-expr","locations":[{"start":{"line":266,"column":39},"end":{"line":266,"column":81}},{"start":{"line":266,"column":84},"end":{"line":266,"column":85}}],"line":266},"58":{"loc":{"start":{"line":268,"column":10},"end":{"line":268,"column":53}},"type":"if","locations":[{"start":{"line":268,"column":10},"end":{"line":268,"column":53}},{"start":{},"end":{}}],"line":268},"59":{"loc":{"start":{"line":269,"column":103},"end":{"line":269,"column":121}},"type":"binary-expr","locations":[{"start":{"line":269,"column":103},"end":{"line":269,"column":112}},{"start":{"line":269,"column":116},"end":{"line":269,"column":121}}],"line":269},"60":{"loc":{"start":{"line":269,"column":140},"end":{"line":269,"column":173}},"type":"cond-expr","locations":[{"start":{"line":269,"column":151},"end":{"line":269,"column":161}},{"start":{"line":269,"column":164},"end":{"line":269,"column":173}}],"line":269},"61":{"loc":{"start":{"line":271,"column":6},"end":{"line":271,"column":78}},"type":"if","locations":[{"start":{"line":271,"column":6},"end":{"line":271,"column":78}},{"start":{},"end":{}}],"line":271},"62":{"loc":{"start":{"line":286,"column":25},"end":{"line":286,"column":52}},"type":"default-arg","locations":[{"start":{"line":286,"column":34},"end":{"line":286,"column":52}}],"line":286},"63":{"loc":{"start":{"line":288,"column":4},"end":{"line":288,"column":49}},"type":"if","locations":[{"start":{"line":288,"column":4},"end":{"line":288,"column":49}},{"start":{},"end":{}}],"line":288},"64":{"loc":{"start":{"line":303,"column":4},"end":{"line":308,"column":5}},"type":"if","locations":[{"start":{"line":303,"column":4},"end":{"line":308,"column":5}},{"start":{},"end":{}}],"line":303},"65":{"loc":{"start":{"line":305,"column":6},"end":{"line":305,"column":119}},"type":"if","locations":[{"start":{"line":305,"column":6},"end":{"line":305,"column":119}},{"start":{},"end":{}}],"line":305},"66":{"loc":{"start":{"line":306,"column":6},"end":{"line":306,"column":115}},"type":"if","locations":[{"start":{"line":306,"column":6},"end":{"line":306,"column":115}},{"start":{},"end":{}}],"line":306},"67":{"loc":{"start":{"line":307,"column":22},"end":{"line":307,"column":76}},"type":"binary-expr","locations":[{"start":{"line":307,"column":22},"end":{"line":307,"column":39}},{"start":{"line":307,"column":43},"end":{"line":307,"column":76}}],"line":307},"68":{"loc":{"start":{"line":311,"column":11},"end":{"line":311,"column":52}},"type":"binary-expr","locations":[{"start":{"line":311,"column":11},"end":{"line":311,"column":46}},{"start":{"line":311,"column":50},"end":{"line":311,"column":52}}],"line":311},"69":{"loc":{"start":{"line":317,"column":58},"end":{"line":317,"column":66}},"type":"binary-expr","locations":[{"start":{"line":317,"column":58},"end":{"line":317,"column":62}},{"start":{"line":317,"column":64},"end":{"line":317,"column":66}}],"line":317},"70":{"loc":{"start":{"line":317,"column":113},"end":{"line":317,"column":121}},"type":"binary-expr","locations":[{"start":{"line":317,"
[...]
{"line":79,"column":75}},"16":{"start":{"line":81,"column":4},"end":{"line":102,"column":5}},"17":{"start":{"line":82,"column":6},"end":{"line":86,"column":9}},"18":{"start":{"line":89,"column":6},"end":{"line":101,"column":7}},"19":{"start":{"line":90,"column":8},"end":{"line":90,"column":21}},"20":{"start":{"line":100,"column":8},"end":{"line":100,"column":42}},"21":{"start":{"line":112,"column":25},"end":{"line":112,"column":75}},"22":{"start":{"line":114,"column":4},"end":{"line":119,"column":7}},"23":{"start":{"line":121,"column":4},"end":{"line":132,"column":5}},"24":{"start":{"line":122,"column":6},"end":{"line":131,"column":7}},"25":{"start":{"line":123,"column":8},"end":{"line":123,"column":21}},"26":{"start":{"line":130,"column":8},"end":{"line":130,"column":51}},"27":{"start":{"line":142,"column":4},"end":{"line":151,"column":5}},"28":{"start":{"line":143,"column":6},"end":{"line":143,"column":68}},"29":{"start":{"line":146,"column":6},"end":{"line":150,"column":7}},"30":{"start":{"line":160,"column":4},"end":{"line":168,"column":5}},"31":{"start":{"line":161,"column":6},"end":{"line":161,"column":58}},"32":{"start":{"line":163,"column":6},"end":{"line":167,"column":7}}},"fnMap":{"0":{"name":"(anonymous_0)","decl":{"start":{"line":19,"column":19},"end":{"line":19,"column":20}},"loc":{"start":{"line":19,"column":25},"end":{"line":31,"column":1}},"line":19},"1":{"name":"(anonymous_1)","decl":{"start":{"line":39,"column":7},"end":{"line":39,"column":8}},"loc":{"start":{"line":39,"column":26},"end":{"line":43,"column":3}},"line":39},"2":{"name":"(anonymous_2)","decl":{"start":{"line":50,"column":8},"end":{"line":50,"column":9}},"loc":{"start":{"line":50,"column":27},"end":{"line":61,"column":3}},"line":50},"3":{"name":"(anonymous_3)","decl":{"start":{"line":68,"column":8},"end":{"line":68,"column":9}},"loc":{"start":{"line":68,"column":27},"end":{"line":70,"column":3}},"line":68},"4":{"name":"(anonymous_4)","decl":{"start":{"line":78,"column":9},"end":{"line":78,"column":10}},"loc":{"start":{"line":78,"column":38},"end":{"line":103,"column":3}},"line":78},"5":{"name":"(anonymous_5)","decl":{"start":{"line":111,"column":12},"end":{"line":111,"column":13}},"loc":{"start":{"line":111,"column":41},"end":{"line":133,"column":3}},"line":111},"6":{"name":"(anonymous_6)","decl":{"start":{"line":141,"column":15},"end":{"line":141,"column":16}},"loc":{"start":{"line":141,"column":46},"end":{"line":152,"column":3}},"line":141},"7":{"name":"(anonymous_7)","decl":{"start":{"line":159,"column":15},"end":{"line":159,"column":16}},"loc":{"start":{"line":159,"column":39},"end":{"line":169,"column":3}},"line":159}},"branchMap":{"0":{"loc":{"start":{"line":15,"column":22},"end":{"line":15,"column":83}},"type":"binary-expr","locations":[{"start":{"line":15,"column":22},"end":{"line":15,"column":41}},{"start":{"line":15,"column":45},"end":{"line":15,"column":83}}],"line":15},"1":{"loc":{"start":{"line":20,"column":2},"end":{"line":20,"column":49}},"type":"if","locations":[{"start":{"line":20,"column":2},"end":{"line":20,"column":49}},{"start":{},"end":{}}],"line":20},"2":{"loc":{"start":{"line":20,"column":6},"end":{"line":20,"column":40}},"type":"binary-expr","locations":[{"start":{"line":20,"column":6},"end":{"line":20,"column":23}},{"start":{"line":20,"column":27},"end":{"line":20,"column":40}}],"line":20},"3":{"loc":{"start":{"line":40,"column":4},"end":{"line":42,"column":5}},"type":"if","locations":[{"start":{"line":40,"column":4},"end":{"line":42,"column":5}},{"start":{},"end":{}}],"line":40},"4":{"loc":{"start":{"line":41,"column":40},"end":{"line":41,"column":50}},"type":"binary-expr","locations":[{"start":{"line":41,"column":40},"end":{"line":41,"column":44}},{"start":{"line":41,"column":48},"end":{"line":41,"column":50}}],"line":41},"5":{"loc":{"start":{"line":51,"column":4},"end":{"line":60,"column":5}},"type":"if","locations":[{"start":{"line":51,"column":4},"end":{"line":60,"column":5}},{"start":{"line":53,"column":11},"end":{"line":60,"column":5}}],"line":51},"6":{"loc":{"start":{"line":52,"column":40},"end":{"line":52,"column":50}},"type":"binary-expr","locations":[{"start":{"line":52,"column":40},"end":{"line":52,"column":44}},{"start":{"line":52,"column":48},"end":{"line":52,"column":50}}],"line":52},"7":{"loc":{"start":{"line":69,"column":38},"end":{"line":69,"column":48}},"type":"binary-expr","locations":[{"start":{"line":69,"column":38},"end":{"line":69,"column":42}},{"start":{"line":69,"column":46},"end":{"line":69,"column":48}}],"line":69},"8":{"loc":{"start":{"line":79,"column":25},"end":{"line":79,"column":75}},"type":"binary-expr","locations":[{"start":{"line":79,"column":25},"end":{"line":79,"column":39}},{"start":{"line":79,"column":43},"end":{"line":79,"column":56}},{"start":{"line":79,"column":60},"end":{"line":79,"column":75}}],"line":79},"9":{"loc":{"start":{"line":81,"column":4},"end":{"line":102,"column":5}},"type":"if","locations":[{"start":{"line":81,"column":4},"end":{"line":102,"column":5}},{"start":{"line":87,"column":11},"end":{"line":102,"column":5}}],"line":81},"10":{"loc":{"start":{"line":112,"column":25},"end":{"line":112,"column":75}},"type":"binary-expr","locations":[{"start":{"line":112,"column":25},"end":{"line":112,"column":39}},{"start":{"line":112,"column":43},"end":{"line":112,"column":56}},{"start":{"line":112,"column":60},"end":{"line":112,"column":75}}],"line":112},"11":{"loc":{"start":{"line":121,"column":4},"end":{"line":132,"column":5}},"type":"if","locations":[{"start":{"line":121,"column":4},"end":{"line":132,"column":5}},{"start":{},"end":{}}],"line":121},"12":{"loc":{"start":{"line":142,"column":4},"end":{"line":151,"column":5}},"type":"if","locations":[{"start":{"line":142,"column":4},"end":{"line":151,"column":5}},{"start":{"line":144,"column":11},"end":{"line":151,"column":5}}],"line":142},"13":{"loc":{"start":{"line":143,"column":52},"end":{"line":143,"column":66}},"type":"binary-expr","locations":[{"start":{"line":143,"column":52},"end":{"line":143,"column":60}},{"start":{"line":143,"column":64},"end":{"line":143,"column":66}}],"line":143},"14":{"loc":{"start":{"line":160,"column":4},"end":{"line":168,"column":5}},"type":"if","locations":[{"start":{"line":160,"column":4},"end":{"line":168,"column":5}},{"start":{"line":162,"column":11},"end":{"line":168,"column":5}}],"line":160},"15":{"loc":{"start":{"line":161,"column":40},"end":{"line":161,"column":56}},"type":"binary-expr","locations":[{"start":{"line":161,"column":40},"end":{"line":161,"column":50}},{"start":{"line":161,"column":54},"end":{"line":161,"column":56}}],"line":161}},"s":{"0":0,"1":0,"2":0,"3":0,"4":0,"5":0,"6":0,"7":0,"8":0,"9":0,"10":0,"11":0,"12":0,"13":0,"14":0,"15":0,"16":0,"17":0,"18":0,"19":0,"20":0,"21":0,"22":0,"23":0,"24":0,"25":0,"26":0,"27":0,"28":0,"29":0,"30":0,"31":0,"32":0},"f":{"0":0,"1":0,"2":0,"3":0,"4":0,"5":0,"6":0,"7":0},"b":{"0":[0,0],"1":[0,0],"2":[0,0],"3":[0,0],"4":[0,0],"5":[0,0],"6":[0,0],"7":[0,0],"8":[0,0,0],"9":[0,0],"10":[0,0,0],"11":[0,0],"12":[0,0],"13":[0,0],"14":[0,0],"15":[0,0]}}
,"/Users/erickislas/Lunes 23 marzo star/stratexpoints/src/utils/twoFactorAuth.js": {"path":"/Users/erickislas/Lunes 23 marzo star/stratexpoints/src/utils/twoFactorAuth.js","statementMap":{"0":{"start":{"line":35,"column":20},"end":{"line":53,"column":1}},"1":{"start":{"line":64,"column":34},"end":{"line":86,"column":1}},"2":{"start":{"line":65,"column":2},"end":{"line":85,"column":3}},"3":{"start":{"line":72,"column":23},"end":{"line":72,"column":47}},"4":{"start":{"line":75,"column":23},"end":{"line":75,"column":108}},"5":{"start":{"line":77,"column":4},"end":{"line":81,"column":6}},"6":{"start":{"line":83,"column":4},"end":{"line":83,"column":58}},"7":{"start":{"line":84,"column":4},"end":{"line":84,"column":62}},"8":{"start":{"line":98,"column":26},"end":{"line":128,"column":1}},"9":{"start":{"line":99,"column":2},"end":{"line":127,"column":3}},"10":{"start":{"line":101,"column":4},"end":{"line":103,"column":5}},"11":{"start":{"line":102,"column":6},"end":{"line":102,"column":19}},"12":{"start":{"line":106,"column":4},"end":{"line":108,"column":5}},"13":{"start":{"line":107,"column":6},"end":{"line":107,"column":19}},"14":{"start":{"line":119,"column":4},"end":{"line":119,"column":75}},"15":{"start":{"line":123,"column":4},"end":{"line":123,"column":16}},"16":{"start":{"line":125,"column":4},"end":{"line":125,"column":52}},"17":{"start":{"line":126,"column":4},"end":{"line":126,"column":17}},"18":{"start":{"line":137,"column":37},"end":{"line":147,"column":1}},"19":{"start":{"line":138,"column":16},"end":{"line":138,"column":18}},"20":{"start":{"line":140,"column":2},"end":{"line":144,"column":3}},"21":{"start":{"line":140,"column":15},"end":{"line":140,"column":16}},"22":{"start":{"line":141,"column":18},"end":{"line":141,"column":41}},"23":{"start":{"line":142,"column":18},"end":{"line":142,"column":41}},"24":{"start":{"line":143,"column":4},"end":{"line":143,"column":36}},"25":{"start":{"line":146,"column":2},"end":{"line":146,"column":15}},"26":{"start":{"line":156,"column":34},"end":{"line":186,"column":1}},"27":{"start":{"line":157,"column":2},"end":{"line":185,"column":3}},"28":{"start":{"line":159,"column":4},"end":{"line":161,"column":5}},"29":{"start":{"line":160,"column":6},"end":{"line":160,"column":44}},"30":{"start":{"line":164,"column":4},"end":{"line":166,"column":5}},"31":{"start":{"line":165,"column":6},"end":{"line":165,"column":61}},"32":{"start":{"line":169,"column":22},"end":{"line":169,"column":76}},"33":{"start":{"line":169,"column":51},"end":{"line":169,"column":75}},"34":{"start":{"line":171,"column":4},"end":{"line":173,"column":5}},"35":{"start":{"line":172,"column":6},"end":{"line":172,"column":61}},"36":{"start":{"line":176,"column":4},"end":{"line":176,"column":37}},"37":{"start":{"line":178,"column":4},"end":{"line":181,"column":6}},"38":{"start":{"line":183,"column":4},"end":{"line":183,"column":61}},"39":{"start":{"line":184,"column":4},"end":{"line":184,"column":42}},"40":{"start":{"line":194,"column":31},"end":{"line":202,"column":1}},"41":{"start":{"line":195,"column":15},"end":{"line":195,"column":64}},"42":{"start":{"line":196,"column":20},"end":{"line":196,"column":84}},"43":{"start":{"line":198,"column":2},"end":{"line":201,"column":4}},"44":{"start":{"line":212,"column":29},"end":{"line":225,"column":1}},"45":{"start":{"line":214,"column":2},"end":{"line":216,"column":3}},"46":{"start":{"line":215,"column":4},"end":{"line":215,"column":17}},"47":{"start":{"line":219,"column":2},"end":{"line":221,"column":3}},"48":{"start":{"line":220,"column":4},"end":{"line":220,"column":17}},"49":{"start":{"line":224,"column":2},"end":{"line":224,"column":29}},"50":{"start":{"line":234,"column":32},"end":{"line":247,"column":1}},"51":{"start":{"line":235,"column":2},"end":{"line":246,"column":3}},"52":{"start":{"line":238,"column":20},"end":{"line":238,"column":37}},"53":{"start":{"line":239,"column":17},"end":{"line":239,"column":37}},"54":{"start":{"line":240,"column":23},"end":{"line":240,"column":66}},"55":{"start":{"line":241,"column":22},"end":{"line":241,"column":60}},"56":{"start":{"line":242,"column":4},"end":{"line":242,"column":74}},"57":{"start":{"line":242,"column":32},"end":{"line":242,"column":63}},"58":{"start":{"line":244,"column":4},"end":{"line":244,"column":56}},"59":{"start":{"line":245,"column":4},"end":{"line":245,"column":52}},"60":{"start":{"line":256,"column":40},"end":{"line":265,"column":1}},"61":{"start":{"line":257,"column":2},"end":{"line":264,"column":3}},"62":{"start":{"line":259,"column":21},"end":{"line":259,"column":49}},"63":{"start":{"line":260,"column":4},"end":{"line":260,"column":29}},"64":{"start":{"line":262,"column":4},"end":{"line":262,"column":63}},"65":{"start":{"line":263,"column":4},"end":{"line":263,"column":17}},"66":{"start":{"line":273,"column":31},"end":{"line":281,"column":1}},"67":{"start":{"line":274,"column":2},"end":{"line":274,"column":30}},"68":{"start":{"line":274,"column":17},"end":{"line":274,"column":30}},"69":{"start":{"line":276,"column":31},"end":{"line":276,"column":84}},"70":{"start":{"line":277,"column":19},"end":{"line":278,"column":70}},"71":{"start":{"line":280,"column":2},"end":{"line":280,"column":18}},"72":{"start":{"line":290,"column":41},"end":{"line":299,"column":1}},"73":{"start":{"line":291,"column":2},"end":{"line":293,"column":3}},"74":{"start":{"line":292,"column":4},"end":{"line":292,"column":63}},"75":{"start":{"line":295,"column":2},"end":{"line":298,"column":4}},"76":{"start":{"line":307,"column":29},"end":{"line":316,"column":1}},"77":{"start":{"line":308,"column":16},"end":{"line":308,"column":54}},"78":{"start":{"line":309,"column":15},"end":{"line":309,"column":17}},"79":{"start":{"line":311,"column":2},"end":{"line":313,"column":3}},"80":{"start":{"line":311,"column":15},"end":{"line":311,"column":16}},"81":{"start":{"line":312,"column":4},"end":{"line":312,"column":69}},"82":{"start":{"line":315,"column":2},"end":{"line":315,"column":16}},"83":{"start":{"line":324,"column":29},"end":{"line":332,"column":1}},"84":{"start":{"line":325,"column":15},"end":{"line":325,"column":17}},"85":{"start":{"line":327,"column":2},"end":{"line":329,"column":3}},"86":{"start":{"line":327,"column":15},"end":{"line":327,"column":16}},"87":{"start":{"line":328,"column":4},"end":{"line":328,"column":56}},"88":{"start":{"line":331,"column":2},"end":{"line":331,"column":16}}},"fnMap":{"0":{"name":"(anonymous_0)","decl":{"start":{"line":64,"column":34},"end":{"line":64,"column":35}},"loc":{"start":{"line":64,"column":55},"end":{"line":86,"column":1}},"line":64},"1":{"name":"(anonymous_1)","decl":{"start":{"line":98,"column":26},"end":{"line":98,"column":27}},"loc":{"start":{"line":98,"column":44},"end":{"line":128,"column":1}},"line":98},"2":{"name":"(anonymous_2)","decl":{"start":{"line":137,"column":37},"end":{"line":137,"column":38}},"loc":{"start":{"line":137,"column":43},"end":{"line":147,"column":1}},"line":137},"3":{"name":"(anonymous_3)","decl":{"start":{"line":156,"column":34},"end":{"line":156,"column":35}},"loc":{"start":{"line":156,"column":63},"end":{"line":186,"column":1}},"line":156},"4":{"name":"(anonymous_4)","decl":{"start":{"line":169,"column":44},"end":{"line":169,"column":45}},"loc":{"start":{"line":169,"column":51},"end":{"line":169,"column":75}},"line":169},"5":{"name":"(anonymous_5)","decl":{"start":{"line":194,"column":31},"end":{"line":194,"column":32}},"loc":{"start":{"line":194,"column":37},"end":{"line":202,"column":1}},"line":194},"6":{"name":"(anonymous_6)","decl":{"start":{"line":212,"column":29},"end":{"line":212,"column":30}},"loc":{"start":{"line":212,"column":62},"end":{"line":225,"column":1}},"line":212},"7":{"name":"(anonymous_7)","decl":{"start":{"line":234,"column":32},"end":{"line":234,"column":33}},"loc":{"start":{"line":234,"column":48},"end":{"line":247,"column":1}},"line":234},"8":{"name":"(anonymous_8)","decl":{"start":{"line":242,"column":25},"end":{"line":242,"column":26}},"loc":{"start":{"line":242,"column":32},"end":{"line":242,"column":63}},"line":242},"9":{"name":"(anonymous_9)","decl":{"start":{"line":256,"column":40},"end":{"line":256,"column":41}},"loc":{"start":{"line":256,"column":62},"end":{"line":265,"column":1}},"line":256},"10":{"name":"(anonymous_10)","decl":{"start":{"line":273,"column":31},"end":{"line":273,"column":32}},"loc":{"start":{"line":273,"column":45},"end":{"line":281,"column":1}},"line":273},"11":{"name":"(anonymous_11)","decl":{"start":{"line":290,"column":41},"end":{"line":290,"column":42}},"loc":{"start":{"line":290,"column":67},"end":{"line":299,"column":1}},"line":290},"12":{"name":"(anonymous_12)","decl":{"start":{"line":307,"column":29},"end":{"line":307,"column":30}},"loc":{"start":{"line":307,"column":41},"end":{"line":316,"column":1}},"line":307},"13":{"name":"(anonymous_13)","decl":{"start":{"line":324,"column":29},"end":{"line":324,"column":30}},"loc":{"start":{"line":324,"column":41},"end":{"line":332,"column":1}},"line":324}},"branchMap":{"0":{"loc":{"start":{"line":101,"column":4},"end":{"line":103,"column":5}},"type":"if","locations":[{"start":{"line":101,"column":4},"end":{"line":103,"column":5}},{"start":{},"end":{}}],"line":101},"1":{"loc":{"start":{"line":101,"column":8},"end":{"line":101,"column":24}},"type":"binary-expr","locations":[{"start":{"line":101,"column":8},"end":{"line":101,"column":13}},{"start":{"line":101,"column":17},"end":{"line":101,"column":24}}],"line":101},"2":{"loc":{"start":{"line":106,"column":4},"end":{"line":108,"column":5}},"type":"if","locations":[{"start":{"line":106,"column":4},"end":{"line":108,"column":5}},{"start":{},"end":{}}],"line":106},"3":{"loc":{"start":{"line":159,"column":4},"end":{"line":161,"column":5}},"type":"if","locations":[{"start":{"line":159,"column":4},"end":{"line":161,"column":5}},{"start":{},"end":{}}],"line":159},"4":{"loc":{"start":{"line":159,"column":8},"end":{"line":159,"column":44}},"type":"binary-expr","locations":[{"start":{"line":159,"column":8},"end":{"line":159,"column":13}},{"start":{"line":159,"column":17},"end":{"line":159,"column":44}}],"line":159},"5":{"loc":{"start":{"line":164,"column":4},"end":{"line":166,"column":5}},"type":"if","locations":[{"start":{"line":164,"column":4},"end":{"line":166,"column":5}},{"start":{},"end":{}}],"line":164},"6":{"loc":{"start":{"line":171,"column":4},"end":{"line":173,"column":5}},"type":"if","locations":[{"start":{"line":171,"column":4},"end":{"line":173,"column":5}},{"start":{},"end":{}}],"line":171},"7":{"loc":{"start":{"line":214,"column":2},"end":{"line":216,"column":3}},"type":"if","locations":[{"start":{"line":214,"column":2},"end":{"line":216,"column":3}},{"start":{},"end":{}}],"line":214},"8":{"loc":{"start":{"line":214,"column":6},"end":{"line":214,"column":26}},"type":"binary-expr","locations":[{"start":{"line":214,"column":6},"end":{"line":214,"column":11}},{"start":{"line":214,"column":15},"end":{"line":214,"column":26}}],"line":214},"9":{"loc":{"start":{"line":219,"column":2},"end":{"line":221,"column":3}},"type":"if","locations":[{"start":{"line":219,"column":2},"end":{"line":221,"column":3}},{"start":{},"end":{}}],"line":219},"10":{"loc":{"start":{"line":274,"column":2},"end":{"line":274,"column":30}},"type":"if","locations":[{"start":{"line":274,"column":2},"end":{"line":274,"column":30}},{"start":{},"end":{}}],"line":274},"11":{"loc":{"start":{"line":277,"column":19},"end":{"line":278,"column":70}},"type":"binary-expr","locations":[{"start":{"line":277,"column":19},"end":{"line":277,"column":74}},{"start":{"line":278,"column":19},"end":{"line":278,"column":70}}],"line":277},"12":{"loc":{"start":{"line":291,"column":2},"end":{"line":293,"column":3}},"type":"if","locations":[{"start":{"line":291,"column":2},"end":{"line":293,"column":3}},{"start":{},"end":{}}],"line":291},"13":{"loc":{"start":{"line":296,"column":12},"end":{"line":296,"column":32}},"type":"binary-expr","locations":[{"start":{"line":296,"column":12},"end":{"line":296,"column":27}},{"start":{"line":296,"column":31},"end":{"line":296,"column":32}}],"line":296}},"s":{"0":0,"1":0,"2":0,"3":0,"4":0,"5":0,"6":0,"7":0,"8":0,"9":0,"10":0,"11":0,"12":0,"13":0,"14":0,"15":0,"16":0,"17":0,"18":0,"19":0,"20":0,"21":0,"22":0,"23":0,"24":0,"25":0,"26":0,"27":0,"28":0,"29":0,"30":0,"31":0,"32":0,"33":0,"34":0,"35":0,"36":0,"37":0,"38":0,"39":0,"40":0,"41":0,"42":0,"43":0,"44":0,"45":0,"46":0,"47":0,"48":0,"49":0,"50":0,"51":0,"52":0,"53":0,"54":0,"55":0,"56":0,"57":0,"58":0,"59":0,"60":0,"61":0,"62":0,"63":0,"64":0,"65":0,"66":0,"67":0,"68":0,"69":0,"70":0,"71":0,"72":0,"73":0,"74":0,"75":0,"76":0,"77":0,"78":0,"79":0,"80":0,"81":0,"82":0,"83":0,"84":0,"85":0,"86":0,"87":0,"88":0},"f":{"0":0,"1":0,"2":0,"3":0,"4":0,"5":0,"6":0,"7":0,"8":0,"9":0,"10":0,"11":0,"12":0,"13":0},"b":{"0":[0,0],"1":[0,0],"2":[0,0],"3":[0,0],"4":[0,0],"5":[0,0],"6":[0,0],"7":[0,0],"8":[0,0],"9":[0,0],"10":[0,0],"11":[0,0],"12":[0,0],"13":[0,0]}}
}
