TN:
SF:src/authSlice.js
FN:6,(anonymous_0)
FN:20,(anonymous_1)
FN:22,(anonymous_2)
FN:46,(anonymous_3)
FN:47,(anonymous_4)
FN:50,(anonymous_5)
FN:87,(anonymous_6)
FN:109,(anonymous_7)
FN:115,(anonymous_8)
FN:126,(anonymous_9)
FN:195,(anonymous_10)
FN:209,(anonymous_11)
FNF:12
FNH:0
FNDA:0,(anonymous_0)
FNDA:0,(anonymous_1)
FNDA:0,(anonymous_2)
FNDA:0,(anonymous_3)
FNDA:0,(anonymous_4)
FNDA:0,(anonymous_5)
FNDA:0,(anonymous_6)
FNDA:0,(anonymous_7)
FNDA:0,(anonymous_8)
FNDA:0,(anonymous_9)
FNDA:0,(anonymous_10)
FNDA:0,(anonymous_11)
DA:6,0
DA:20,0
DA:23,0
DA:25,0
DA:27,0
DA:28,0
DA:29,0
DA:30,0
DA:32,0
DA:36,0
DA:37,0
DA:40,0
DA:41,0
DA:46,0
DA:47,0
DA:51,0
DA:52,0
DA:53,0
DA:55,0
DA:56,0
DA:58,0
DA:66,0
DA:72,0
DA:74,0
DA:77,0
DA:78,0
DA:82,0
DA:88,0
DA:89,0
DA:90,0
DA:91,0
DA:92,0
DA:95,0
DA:96,0
DA:98,0
DA:99,0
DA:101,0
DA:103,0
DA:104,0
DA:110,0
DA:111,0
DA:116,0
DA:117,0
DA:127,0
DA:131,0
DA:132,0
DA:138,0
DA:139,0
DA:143,0
DA:146,0
DA:147,0
DA:158,0
DA:159,0
DA:162,0
DA:163,0
DA:164,0
DA:165,0
DA:170,0
DA:171,0
DA:172,0
DA:176,0
DA:190,0
DA:191,0
DA:192,0
DA:195,0
DA:196,0
DA:201,0
DA:202,0
DA:205,0
DA:212,0
LF:70
LH:0
BRDA:25,0,0,0
BRDA:25,0,1,0
BRDA:25,1,0,0
BRDA:25,1,1,0
BRDA:28,2,0,0
BRDA:28,2,1,0
BRDA:29,3,0,0
BRDA:29,3,1,0
BRDA:30,4,0,0
BRDA:30,4,1,0
BRDA:36,5,0,0
BRDA:36,5,1,0
BRDA:40,6,0,0
BRDA:40,6,1,0
BRDA:40,7,0,0
BRDA:40,7,1,0
BRDA:55,8,0,0
BRDA:55,8,1,0
BRDA:55,9,0,0
BRDA:55,9,1,0
BRDA:56,10,0,0
BRDA:56,10,1,0
BRDA:59,11,0,0
BRDA:59,11,1,0
BRDA:60,12,0,0
BRDA:60,12,1,0
BRDA:61,13,0,0
BRDA:61,13,1,0
BRDA:74,14,0,0
BRDA:74,14,1,0
BRDA:90,15,0,0
BRDA:90,15,1,0
BRDA:95,16,0,0
BRDA:95,16,1,0
BRDA:131,17,0,0
BRDA:131,17,1,0
BRDA:131,18,0,0
BRDA:131,18,1,0
BRDA:138,19,0,0
BRDA:138,19,1,0
BRDA:138,20,0,0
BRDA:138,20,1,0
BRDA:143,21,0,0
BRDA:143,21,1,0
BRDA:146,22,0,0
BRDA:146,22,1,0
BRDA:159,23,0,0
BRDA:159,23,1,0
BRDA:162,24,0,0
BRDA:162,24,1,0
BRDA:162,25,0,0
BRDA:162,25,1,0
BRDA:162,25,2,0
BRDA:164,26,0,0
BRDA:164,26,1,0
BRDA:170,27,0,0
BRDA:170,27,1,0
BRDA:170,28,0,0
BRDA:170,28,1,0
BRDA:190,29,0,0
BRDA:190,29,1,0
BRDA:192,30,0,0
BRDA:192,30,1,0
BRDA:196,31,0,0
BRDA:196,31,1,0
BRDA:196,31,2,0
BRDA:196,31,3,0
BRDA:201,32,0,0
BRDA:201,32,1,0
BRF:69
BRH:0
end_of_record
TN:
SF:src/constants.js
FNF:0
FNH:0
DA:1,0
DA:12,0
LF:2
LH:0
BRF:0
BRH:0
end_of_record
TN:
SF:src/dataSlice.js
FN:6,(anonymous_0)
FN:16,(anonymous_1)
FN:17,(anonymous_2)
FN:18,(anonymous_3)
FN:19,(anonymous_4)
FN:20,(anonymous_5)
FN:21,(anonymous_6)
FN:23,(anonymous_7)
FN:42,(anonymous_8)
FN:78,(anonymous_9)
FN:79,(anonymous_10)
FNF:11
FNH:0
FNDA:0,(anonymous_0)
FNDA:0,(anonymous_1)
FNDA:0,(anonymous_2)
FNDA:0,(anonymous_3)
FNDA:0,(anonymous_4)
FNDA:0,(anonymous_5)
FNDA:0,(anonymous_6)
FNDA:0,(anonymous_7)
FNDA:0,(anonymous_8)
FNDA:0,(anonymous_9)
FNDA:0,(anonymous_10)
DA:6,0
DA:16,0
DA:17,0
DA:18,0
DA:19,0
DA:20,0
DA:21,0
DA:24,0
DA:25,0
DA:26,0
DA:27,0
DA:28,0
DA:29,0
DA:30,0
DA:33,0
DA:42,0
DA:43,0
DA:44,0
DA:45,0
DA:46,0
DA:49,0
DA:50,0
DA:51,0
DA:52,0
DA:53,0
DA:54,0
DA:57,0
DA:58,0
DA:59,0
DA:61,0
DA:65,0
DA:67,0
DA:69,0
DA:70,0
DA:71,0
LF:35
LH:0
BRDA:16,0,0,0
BRDA:16,0,1,0
BRDA:17,1,0,0
BRDA:17,1,1,0
BRDA:18,2,0,0
BRDA:18,2,1,0
BRDA:19,3,0,0
BRDA:19,3,1,0
BRDA:20,4,0,0
BRDA:20,4,1,0
BRDA:21,5,0,0
BRDA:21,5,1,0
BRDA:27,6,0,0
BRDA:27,6,1,0
BRDA:43,7,0,0
BRDA:43,7,1,0
BRDA:49,8,0,0
BRDA:49,8,1,0
BRDA:50,9,0,0
BRDA:50,9,1,0
BRDA:51,10,0,0
BRDA:51,10,1,0
BRDA:52,11,0,0
BRDA:52,11,1,0
BRDA:53,12,0,0
BRDA:53,12,1,0
BRDA:54,13,0,0
BRDA:54,13,1,0
BRDA:57,14,0,0
BRDA:57,14,1,0
BRF:30
BRH:0
end_of_record
TN:
SF:src/i18n.js
FN:8,(anonymous_0)
FN:9,(anonymous_1)
FN:10,(anonymous_2)
FNF:3
FNH:0
FNDA:0,(anonymous_0)
FNDA:0,(anonymous_1)
FNDA:0,(anonymous_2)
DA:6,0
DA:10,0
DA:14,0
DA:52,0
DA:90,0
LF:5
LH:0
BRDA:100,0,0,0
BRDA:100,0,1,0
BRF:2
BRH:0
end_of_record
TN:
SF:src/notificationSlice.js
FN:7,(anonymous_0)
FN:10,(anonymous_1)
FN:15,(anonymous_2)
FN:19,(anonymous_3)
FN:20,(anonymous_4)
FN:20,(anonymous_5)
FNF:6
FNH:0
FNDA:0,(anonymous_0)
FNDA:0,(anonymous_1)
FNDA:0,(anonymous_2)
FNDA:0,(anonymous_3)
FNDA:0,(anonymous_4)
FNDA:0,(anonymous_5)
DA:7,0
DA:11,0
DA:15,0
DA:20,0
LF:4
LH:0
BRF:0
BRH:0
end_of_record
TN:
SF:src/services.js
FN:7,(anonymous_0)
FN:10,(anonymous_1)
FN:11,(anonymous_2)
FN:12,(anonymous_3)
FN:13,(anonymous_4)
FN:18,(anonymous_5)
FN:27,(anonymous_6)
FN:32,(anonymous_7)
FN:37,(anonymous_8)
FN:42,(anonymous_9)
FN:50,(anonymous_10)
FN:60,(anonymous_11)
FN:65,(anonymous_12)
FN:70,(anonymous_13)
FN:78,(anonymous_14)
FN:87,(anonymous_15)
FN:93,(anonymous_16)
FN:98,(anonymous_17)
FN:103,(anonymous_18)
FN:111,(anonymous_19)
FN:121,(anonymous_20)
FN:131,(anonymous_21)
FN:134,(anonymous_22)
FN:143,(anonymous_23)
FN:155,(anonymous_24)
FN:160,(anonymous_25)
FN:169,(anonymous_26)
FN:179,(anonymous_27)
FN:186,(anonymous_28)
FN:191,(anonymous_29)
FN:195,(anonymous_30)
FN:202,(anonymous_31)
FN:214,(anonymous_32)
FN:224,(anonymous_33)
FN:232,(anonymous_34)
FN:237,(anonymous_35)
FN:251,(anonymous_36)
FN:259,(anonymous_37)
FN:263,(anonymous_38)
FN:265,(anonymous_39)
FN:282,(anonymous_40)
FN:286,(anonymous_41)
FN:304,(anonymous_42)
FN:314,(anonymous_43)
FN:321,(anonymous_44)
FN:328,(anonymous_45)
FN:335,(anonymous_46)
FN:342,(anonymous_47)
FN:344,(anonymous_48)
FN:359,(anonymous_49)
FN:363,(anonymous_50)
FN:368,(anonymous_51)
FN:395,(anonymous_52)
FN:417,(anonymous_53)
FN:439,(anonymous_54)
FN:461,(anonymous_55)
FN:484,(anonymous_56)
FN:518,(anonymous_57)
FN:533,(anonymous_58)
FN:543,(anonymous_59)
FN:548,(anonymous_60)
FN:558,(anonymous_61)
FN:564,(anonymous_62)
FN:580,(anonymous_63)
FN:632,(anonymous_64)
FN:666,(anonymous_65)
FN:699,(anonymous_66)
FN:704,(anonymous_67)
FN:711,(anonymous_68)
FN:716,(anonymous_69)
FN:719,(anonymous_70)
FNF:71
FNH:0
FNDA:0,(anonymous_0)
FNDA:0,(anonymous_1)
FNDA:0,(anonymous_2)
FNDA:0,(anonymous_3)
FNDA:0,(anonymous_4)
FNDA:0,(anonymous_5)
FNDA:0,(anonymous_6)
FNDA:0,(anonymous_7)
FNDA:0,(anonymous_8)
FNDA:0,(anonymous_9)
FNDA:0,(anonymous_10)
FNDA:0,(anonymous_11)
FNDA:0,(anonymous_12)
FNDA:0,(anonymous_13)
FNDA:0,(anonymous_14)
FNDA:0,(anonymous_15)
FNDA:0,(anonymous_16)
FNDA:0,(anonymous_17)
FNDA:0,(anonymous_18)
FNDA:0,(anonymous_19)
FNDA:0,(anonymous_20)
FNDA:0,(anonymous_21)
FNDA:0,(anonymous_22)
FNDA:0,(anonymous_23)
FNDA:0,(anonymous_24)
FNDA:0,(anonymous_25)
FNDA:0,(anonymous_26)
FNDA:0,(anonymous_27)
FNDA:0,(anonymous_28)
FNDA:0,(anonymous_29)
FNDA:0,(anonymous_30)
FNDA:0,(anonymous_31)
FNDA:0,(anonymous_32)
FNDA:0,(anonymous_33)
FNDA:0,(anonymous_34)
FNDA:0,(anonymous_35)
FNDA:0,(anonymous_36)
FNDA:0,(anonymous_37)
FNDA:0,(anonymous_38)
FNDA:0,(anonymous_39)
FNDA:0,(anonymous_40)
FNDA:0,(anonymous_41)
FNDA:0,(anonymous_42)
FNDA:0,(anonymous_43)
FNDA:0,(anonymous_44)
FNDA:0,(anonymous_45)
FNDA:0,(anonymous_46)
FNDA:0,(anonymous_47)
FNDA:0,(anonymous_48)
FNDA:0,(anonymous_49)
FNDA:0,(anonymous_50)
FNDA:0,(anonymous_51)
FNDA:0,(anonymous_52)
FNDA:0,(anonymous_53)
FNDA:0,(anonymous_54)
FNDA:0,(anonymous_55)
FNDA:0,(anonymous_56)
FNDA:0,(anonymous_57)
FNDA:0,(anonymous_58)
FNDA:0,(anonymous_59)
FNDA:0,(anonymous_60)
FNDA:0,(anonymous_61)
FNDA:0,(anonymous_62)
FNDA:0,(anonymous_63)
FNDA:0,(anonymous_64)
FNDA:0,(anonymous_65)
FNDA:0,(anonymous_66)
FNDA:0,(anonymous_67)
FNDA:0,(anonymous_68)
FNDA:0,(anonymous_69)
FNDA:0,(anonymous_70)
DA:6,0
DA:7,0
DA:9,0
DA:10,0
DA:11,0
DA:12,0
DA:13,0
DA:17,0
DA:19,0
DA:20,0
DA:25,0
DA:27,0
DA:33,0
DA:34,0
DA:35,0
DA:38,0
DA:39,0
DA:40,0
DA:43,0
DA:44,0
DA:49,0
DA:51,0
DA:52,0
DA:57,0
DA:58,0
DA:61,0
DA:62,0
DA:63,0
DA:66,0
DA:67,0
DA:68,0
DA:71,0
DA:72,0
DA:77,0
DA:79,0
DA:80,0
DA:85,0
DA:87,0
DA:94,0
DA:95,0
DA:96,0
DA:99,0
DA:100,0
DA:101,0
DA:104,0
DA:105,0
DA:110,0
DA:112,0
DA:113,0
DA:118,0
DA:119,0
DA:122,0
DA:124,0
DA:130,0
DA:131,0
DA:132,0
DA:135,0
DA:136,0
DA:137,0
DA:142,0
DA:144,0
DA:145,0
DA:152,0
DA:153,0
DA:156,0
DA:157,0
DA:158,0
DA:161,0
DA:162,0
DA:163,0
DA:168,0
DA:170,0
DA:171,0
DA:176,0
DA:177,0
DA:181,0
DA:182,0
DA:183,0
DA:184,0
DA:187,0
DA:188,0
DA:189,0
DA:192,0
DA:193,0
DA:196,0
DA:197,0
DA:200,0
DA:201,0
DA:202,0
DA:203,0
DA:204,0
DA:205,0
DA:206,0
DA:208,0
DA:213,0
DA:215,0
DA:216,0
DA:221,0
DA:222,0
DA:225,0
DA:229,0
DA:230,0
DA:233,0
DA:234,0
DA:235,0
DA:238,0
DA:244,0
DA:245,0
DA:250,0
DA:252,0
DA:253,0
DA:254,0
DA:258,0
DA:259,0
DA:260,0
DA:261,0
DA:263,0
DA:264,0
DA:266,0
DA:267,0
DA:268,0
DA:269,0
DA:271,0
DA:272,0
DA:279,0
DA:281,0
DA:282,0
DA:287,0
DA:288,0
DA:289,0
DA:291,0
DA:303,0
DA:304,0
DA:305,0
DA:306,0
DA:307,0
DA:310,0
DA:311,0
DA:315,0
DA:322,0
DA:329,0
DA:336,0
DA:341,0
DA:342,0
DA:345,0
DA:346,0
DA:348,0
DA:349,0
DA:359,0
DA:363,0
DA:367,0
DA:368,0
DA:369,0
DA:370,0
DA:372,0
DA:373,0
DA:374,0
DA:376,0
DA:379,0
DA:380,0
DA:382,0
DA:383,0
DA:384,0
DA:387,0
DA:389,0
DA:390,0
DA:396,0
DA:418,0
DA:440,0
DA:462,0
DA:485,0
DA:519,0
DA:534,0
DA:535,0
DA:537,0
DA:542,0
DA:544,0
DA:545,0
DA:546,0
DA:549,0
DA:550,0
DA:555,0
DA:556,0
DA:559,0
DA:561,0
DA:562,0
DA:565,0
DA:566,0
DA:581,0
DA:582,0
DA:585,0
DA:587,0
DA:593,0
DA:596,0
DA:601,0
DA:604,0
DA:611,0
DA:612,0
DA:616,0
DA:618,0
DA:622,0
DA:633,0
DA:635,0
DA:636,0
DA:642,0
DA:645,0
DA:646,0
DA:647,0
DA:651,0
DA:653,0
DA:654,0
DA:666,0
DA:667,0
DA:670,0
DA:676,0
DA:677,0
DA:678,0
DA:682,0
DA:683,0
DA:684,0
DA:685,0
DA:687,0
DA:690,0
DA:692,0
DA:693,0
DA:698,0
DA:701,0
DA:702,0
DA:705,0
DA:708,0
DA:709,0
DA:712,0
DA:713,0
DA:717,0
DA:720,0
DA:721,0
LF:236
LH:0
BRDA:19,0,0,0
BRDA:19,0,1,0
BRDA:25,1,0,0
BRDA:25,1,1,0
BRDA:27,2,0,0
BRDA:27,2,1,0
BRDA:29,3,0,0
BRDA:29,3,1,0
BRDA:29,3,2,0
BRDA:34,4,0,0
BRDA:34,4,1,0
BRDA:35,5,0,0
BRDA:35,5,1,0
BRDA:35,5,2,0
BRDA:39,6,0,0
BRDA:39,6,1,0
BRDA:44,7,0,0
BRDA:44,7,1,0
BRDA:51,8,0,0
BRDA:51,8,1,0
BRDA:57,9,0,0
BRDA:57,9,1,0
BRDA:58,10,0,0
BRDA:58,10,1,0
BRDA:62,11,0,0
BRDA:62,11,1,0
BRDA:67,12,0,0
BRDA:67,12,1,0
BRDA:72,13,0,0
BRDA:72,13,1,0
BRDA:79,14,0,0
BRDA:79,14,1,0
BRDA:85,15,0,0
BRDA:85,15,1,0
BRDA:87,16,0,0
BRDA:87,16,1,0
BRDA:89,17,0,0
BRDA:89,17,1,0
BRDA:89,17,2,0
BRDA:90,18,0,0
BRDA:90,18,1,0
BRDA:90,18,2,0
BRDA:95,19,0,0
BRDA:95,19,1,0
BRDA:100,20,0,0
BRDA:100,20,1,0
BRDA:105,21,0,0
BRDA:105,21,1,0
BRDA:112,22,0,0
BRDA:112,22,1,0
BRDA:118,23,0,0
BRDA:118,23,1,0
BRDA:119,24,0,0
BRDA:119,24,1,0
BRDA:122,25,0,0
BRDA:122,25,1,0
BRDA:131,26,0,0
BRDA:131,26,1,0
BRDA:132,27,0,0
BRDA:132,27,1,0
BRDA:136,28,0,0
BRDA:136,28,1,0
BRDA:144,29,0,0
BRDA:144,29,1,0
BRDA:152,30,0,0
BRDA:152,30,1,0
BRDA:153,31,0,0
BRDA:153,31,1,0
BRDA:157,32,0,0
BRDA:157,32,1,0
BRDA:162,33,0,0
BRDA:162,33,1,0
BRDA:170,34,0,0
BRDA:170,34,1,0
BRDA:176,35,0,0
BRDA:176,35,1,0
BRDA:177,36,0,0
BRDA:177,36,1,0
BRDA:183,37,0,0
BRDA:183,37,1,0
BRDA:188,38,0,0
BRDA:188,38,1,0
BRDA:193,39,0,0
BRDA:193,39,1,0
BRDA:196,40,0,0
BRDA:196,40,1,0
BRDA:200,41,0,0
BRDA:200,41,1,0
BRDA:200,42,0,0
BRDA:200,42,1,0
BRDA:200,42,2,0
BRDA:203,43,0,0
BRDA:203,43,1,0
BRDA:204,44,0,0
BRDA:204,44,1,0
BRDA:215,45,0,0
BRDA:215,45,1,0
BRDA:221,46,0,0
BRDA:221,46,1,0
BRDA:229,47,0,0
BRDA:229,47,1,0
BRDA:230,48,0,0
BRDA:230,48,1,0
BRDA:234,49,0,0
BRDA:234,49,1,0
BRDA:244,50,0,0
BRDA:244,50,1,0
BRDA:252,51,0,0
BRDA:252,51,1,0
BRDA:258,52,0,0
BRDA:258,52,1,0
BRDA:258,53,0,0
BRDA:258,53,1,0
BRDA:259,54,0,0
BRDA:259,54,1,0
BRDA:260,55,0,0
BRDA:260,55,1,0
BRDA:263,56,0,0
BRDA:263,56,1,0
BRDA:266,57,0,0
BRDA:266,57,1,0
BRDA:268,58,0,0
BRDA:268,58,1,0
BRDA:269,59,0,0
BRDA:269,59,1,0
BRDA:269,60,0,0
BRDA:269,60,1,0
BRDA:271,61,0,0
BRDA:271,61,1,0
BRDA:286,62,0,0
BRDA:288,63,0,0
BRDA:288,63,1,0
BRDA:303,64,0,0
BRDA:303,64,1,0
BRDA:305,65,0,0
BRDA:305,65,1,0
BRDA:306,66,0,0
BRDA:306,66,1,0
BRDA:307,67,0,0
BRDA:307,67,1,0
BRDA:311,68,0,0
BRDA:311,68,1,0
BRDA:317,69,0,0
BRDA:317,69,1,0
BRDA:317,70,0,0
BRDA:317,70,1,0
BRDA:331,71,0,0
BRDA:331,71,1,0
BRDA:335,72,0,0
BRDA:336,73,0,0
BRDA:336,73,1,0
BRDA:344,74,0,0
BRDA:346,75,0,0
BRDA:346,75,1,0
BRDA:363,76,0,0
BRDA:363,76,1,0
BRDA:367,77,0,0
BRDA:367,77,1,0
BRDA:369,78,0,0
BRDA:369,78,1,0
BRDA:372,79,0,0
BRDA:372,79,1,0
BRDA:373,80,0,0
BRDA:373,80,1,0
BRDA:374,81,0,0
BRDA:374,81,1,0
BRDA:380,82,0,0
BRDA:380,82,1,0
BRDA:382,83,0,0
BRDA:382,83,1,0
BRDA:407,84,0,0
BRDA:407,84,1,0
BRDA:408,85,0,0
BRDA:408,85,1,0
BRDA:409,86,0,0
BRDA:409,86,1,0
BRDA:429,87,0,0
BRDA:429,87,1,0
BRDA:431,88,0,0
BRDA:431,88,1,0
BRDA:451,89,0,0
BRDA:451,89,1,0
BRDA:452,90,0,0
BRDA:452,90,1,0
BRDA:453,91,0,0
BRDA:453,91,1,0
BRDA:474,92,0,0
BRDA:474,92,1,0
BRDA:475,93,0,0
BRDA:475,93,1,0
BRDA:484,94,0,0
BRDA:490,95,0,0
BRDA:490,95,1,0
BRDA:491,96,0,0
BRDA:491,96,1,0
BRDA:492,97,0,0
BRDA:492,97,1,0
BRDA:525,98,0,0
BRDA:525,98,1,0
BRDA:533,99,0,0
BRDA:534,100,0,0
BRDA:534,100,1,0
BRDA:545,101,0,0
BRDA:545,101,1,0
BRDA:549,102,0,0
BRDA:549,102,1,0
BRDA:555,103,0,0
BRDA:555,103,1,0
BRDA:556,104,0,0
BRDA:556,104,1,0
BRDA:561,105,0,0
BRDA:561,105,1,0
BRDA:566,106,0,0
BRDA:566,106,1,0
BRDA:581,107,0,0
BRDA:581,107,1,0
BRDA:581,108,0,0
BRDA:581,108,1,0
BRDA:581,108,2,0
BRDA:593,109,0,0
BRDA:593,109,1,0
BRDA:596,110,0,0
BRDA:596,110,1,0
BRDA:596,111,0,0
BRDA:596,111,1,0
BRDA:611,112,0,0
BRDA:611,112,1,0
BRDA:622,113,0,0
BRDA:622,113,1,0
BRDA:633,114,0,0
BRDA:633,114,1,0
BRDA:633,115,0,0
BRDA:633,115,1,0
BRDA:642,116,0,0
BRDA:642,116,1,0
BRDA:642,117,0,0
BRDA:642,117,1,0
BRDA:645,118,0,0
BRDA:645,118,1,0
BRDA:645,119,0,0
BRDA:645,119,1,0
BRDA:647,120,0,0
BRDA:647,120,1,0
BRDA:651,121,0,0
BRDA:651,121,1,0
BRDA:676,122,0,0
BRDA:676,122,1,0
BRDA:682,123,0,0
BRDA:682,123,1,0
BRDA:708,124,0,0
BRDA:708,124,1,0
BRF:251
BRH:0
end_of_record
TN:
SF:src/store.js
FN:8,(anonymous_0)
FN:12,(anonymous_1)
FN:12,(anonymous_2)
FN:18,(anonymous_3)
FNF:4
FNH:0
FNDA:0,(anonymous_0)
FNDA:0,(anonymous_1)
FNDA:0,(anonymous_2)
FNDA:0,(anonymous_3)
DA:8,0
DA:9,0
DA:10,0
DA:11,0
DA:12,0
DA:14,0
DA:18,0
DA:25,0
LF:8
LH:0
BRF:0
BRH:0
end_of_record
TN:
SF:src/supabase.js
FN:13,(anonymous_0)
FNF:1
FNH:0
FNDA:0,(anonymous_0)
DA:3,0
DA:4,0
DA:6,0
DA:13,0
LF:4
LH:0
BRDA:3,0,0,0
BRDA:3,0,1,0
BRDA:4,1,0,0
BRDA:4,1,1,0
BRF:4
BRH:0
end_of_record
TN:
SF:src/theme.js
FN:5,initTheme
FN:13,setTheme
FN:19,toggleTheme
FN:26,getCurrentTheme
FN:30,applyTheme
FNF:5
FNH:0
FNDA:0,initTheme
FNDA:0,setTheme
FNDA:0,toggleTheme
FNDA:0,getCurrentTheme
FNDA:0,applyTheme
DA:2,0
DA:3,0
DA:6,0
DA:7,0
DA:8,0
DA:9,0
DA:10,0
DA:14,0
DA:15,0
DA:16,0
DA:20,0
DA:21,0
DA:22,0
DA:23,0
DA:27,0
DA:31,0
DA:32,0
DA:34,0
DA:35,0
DA:36,0
DA:37,0
DA:38,0
DA:39,0
DA:40,0
DA:41,0
DA:42,0
DA:43,0
DA:44,0
DA:45,0
DA:46,0
DA:48,0
DA:49,0
DA:50,0
DA:51,0
DA:52,0
DA:53,0
DA:54,0
DA:55,0
DA:56,0
DA:57,0
DA:58,0
DA:59,0
LF:42
LH:0
BRDA:8,0,0,0
BRDA:8,0,1,0
BRDA:8,1,0,0
BRDA:8,1,1,0
BRDA:14,2,0,0
BRDA:14,2,1,0
BRDA:20,3,0,0
BRDA:20,3,1,0
BRDA:21,4,0,0
BRDA:21,4,1,0
BRDA:27,5,0,0
BRDA:27,5,1,0
BRDA:34,6,0,0
BRDA:34,6,1,0
BRF:14
BRH:0
end_of_record
TN:
SF:src/uiSlice.js
FN:1,(anonymous_0)
FN:6,(anonymous_1)
FN:7,(anonymous_2)
FN:8,(anonymous_3)
FN:9,(anonymous_4)
FN:10,(anonymous_5)
FNF:6
FNH:0
FNDA:0,(anonymous_0)
FNDA:0,(anonymous_1)
FNDA:0,(anonymous_2)
FNDA:0,(anonymous_3)
FNDA:0,(anonymous_4)
FNDA:0,(anonymous_5)
DA:1,0
DA:6,0
DA:7,0
DA:8,0
DA:9,0
DA:10,0
LF:6
LH:0
BRF:0
BRH:0
end_of_record
TN:
SF:src/useFormHandlers.js
FN:10,useFormHandlers
FN:11,(anonymous_1)
FN:32,(anonymous_2)
FN:50,(anonymous_3)
FNF:4
FNH:0
FNDA:0,useFormHandlers
FNDA:0,(anonymous_1)
FNDA:0,(anonymous_2)
FNDA:0,(anonymous_3)
DA:11,0
DA:12,0
DA:13,0
DA:14,0
DA:15,0
DA:16,0
DA:18,0
DA:19,0
DA:20,0
DA:21,0
DA:22,0
DA:24,0
DA:25,0
DA:27,0
DA:28,0
DA:29,0
DA:32,0
DA:33,0
DA:34,0
DA:35,0
DA:36,0
DA:37,0
DA:38,0
DA:39,0
DA:40,0
DA:42,0
DA:43,0
DA:45,0
DA:46,0
DA:47,0
DA:50,0
DA:51,0
DA:52,0
DA:53,0
DA:54,0
DA:55,0
DA:56,0
DA:59,0
LF:38
LH:0
BRDA:12,0,0,0
BRDA:12,0,1,0
BRDA:15,1,0,0
BRDA:15,1,1,0
BRDA:15,2,0,0
BRDA:15,2,1,0
BRDA:18,3,0,0
BRDA:18,3,1,0
BRDA:33,4,0,0
BRDA:33,4,1,0
BRDA:36,5,0,0
BRDA:36,5,1,0
BRDA:51,6,0,0
BRDA:51,6,1,0
BRF:14
BRH:0
end_of_record
TN:
SF:src/usePaymentStatus.js
FN:8,usePaymentStatus
FN:20,(anonymous_1)
FNF:2
FNH:0
FNDA:0,usePaymentStatus
FNDA:0,(anonymous_1)
DA:9,0
DA:10,0
DA:11,0
DA:13,0
DA:14,0
DA:15,0
DA:16,0
DA:17,0
DA:18,0
DA:20,0
DA:21,0
DA:22,0
DA:23,0
DA:25,0
DA:28,0
LF:15
LH:0
BRDA:11,0,0,0
BRDA:11,0,1,0
BRDA:17,1,0,0
BRDA:17,1,1,0
BRDA:18,2,0,0
BRDA:18,2,1,0
BRDA:21,3,0,0
BRDA:21,3,1,0
BRF:8
BRH:0
end_of_record
TN:
SF:src/useSubdomainTenant.js
FN:29,getTenantSlug
FN:59,applyTenantBranding
FN:71,useSubdomainTenant
FN:72,(anonymous_3)
FN:74,(anonymous_4)
FN:80,loadTenant
FN:111,(anonymous_6)
FNF:7
FNH:0
FNDA:0,getTenantSlug
FNDA:0,applyTenantBranding
FNDA:0,useSubdomainTenant
FNDA:0,(anonymous_3)
FNDA:0,(anonymous_4)
FNDA:0,loadTenant
FNDA:0,(anonymous_6)
DA:32,0
DA:33,0
DA:34,0
DA:37,0
DA:38,0
DA:42,0
DA:44,0
DA:46,0
DA:47,0
DA:49,0
DA:50,0
DA:51,0
DA:53,0
DA:60,0
DA:61,0
DA:62,0
DA:64,0
DA:67,0
DA:72,0
DA:74,0
DA:75,0
DA:76,0
DA:78,0
DA:81,0
DA:82,0
DA:88,0
DA:90,0
DA:91,0
DA:92,0
DA:94,0
DA:95,0
DA:96,0
DA:98,0
DA:99,0
DA:100,0
DA:103,0
DA:104,0
DA:106,0
DA:110,0
DA:111,0
LF:40
LH:0
BRDA:34,0,0,0
BRDA:34,0,1,0
BRDA:38,1,0,0
BRDA:38,1,1,0
BRDA:39,2,0,0
BRDA:39,2,1,0
BRDA:39,2,2,0
BRDA:44,3,0,0
BRDA:44,3,1,0
BRDA:47,4,0,0
BRDA:47,4,1,0
BRDA:51,5,0,0
BRDA:51,5,1,0
BRDA:60,6,0,0
BRDA:60,6,1,0
BRDA:65,7,0,0
BRDA:65,7,1,0
BRDA:76,8,0,0
BRDA:76,8,1,0
BRDA:88,9,0,0
BRDA:88,9,1,0
BRDA:90,10,0,0
BRDA:90,10,1,0
BRDA:94,11,0,0
BRDA:94,11,1,0
BRDA:98,12,0,0
BRDA:98,12,1,0
BRF:27
BRH:0
end_of_record
TN:
SF:src/useZenMode.js
FN:7,useZenMode
FN:11,(anonymous_1)
FN:13,(anonymous_2)
FNF:3
FNH:0
FNDA:0,useZenMode
FNDA:0,(anonymous_1)
FNDA:0,(anonymous_2)
DA:8,0
DA:9,0
DA:11,0
DA:12,0
DA:13,0
DA:14,0
DA:15,0
DA:17,0
DA:18,0
DA:19,0
DA:23,0
LF:11
LH:0
BRDA:12,0,0,0
BRDA:12,0,1,0
BRF:2
BRH:0
end_of_record
TN:
SF:src/utils.js
FN:7,(anonymous_0)
FN:16,(anonymous_1)
FN:19,(anonymous_2)
FN:25,(anonymous_3)
FN:28,(anonymous_4)
FN:33,(anonymous_5)
FN:39,(anonymous_6)
FN:46,(anonymous_7)
FN:54,(anonymous_8)
FN:60,(anonymous_9)
FN:61,(anonymous_10)
FN:72,(anonymous_11)
FN:73,(anonymous_12)
FN:82,(anonymous_13)
FN:83,(anonymous_14)
FN:93,(anonymous_15)
FN:95,(anonymous_16)
FN:97,(anonymous_17)
FN:102,(anonymous_18)
FN:103,(anonymous_19)
FN:109,(anonymous_20)
FN:112,(anonymous_21)
FN:119,(anonymous_22)
FN:123,getQuarterFromDate
FN:131,getCurrentQuarter
FN:135,formatQuarter
FNF:26
FNH:0
FNDA:0,(anonymous_0)
FNDA:0,(anonymous_1)
FNDA:0,(anonymous_2)
FNDA:0,(anonymous_3)
FNDA:0,(anonymous_4)
FNDA:0,(anonymous_5)
FNDA:0,(anonymous_6)
FNDA:0,(anonymous_7)
FNDA:0,(anonymous_8)
FNDA:0,(anonymous_9)
FNDA:0,(anonymous_10)
FNDA:0,(anonymous_11)
FNDA:0,(anonymous_12)
FNDA:0,(anonymous_13)
FNDA:0,(anonymous_14)
FNDA:0,(anonymous_15)
FNDA:0,(anonymous_16)
FNDA:0,(anonymous_17)
FNDA:0,(anonymous_18)
FNDA:0,(anonymous_19)
FNDA:0,(anonymous_20)
FNDA:0,(anonymous_21)
FNDA:0,(anonymous_22)
FNDA:0,getQuarterFromDate
FNDA:0,getCurrentQuarter
FNDA:0,formatQuarter
DA:7,0
DA:8,0
DA:9,0
DA:10,0
DA:11,0
DA:12,0
DA:13,0
DA:16,0
DA:17,0
DA:19,0
DA:20,0
DA:21,0
DA:22,0
DA:25,0
DA:28,0
DA:29,0
DA:30,0
DA:33,0
DA:34,0
DA:35,0
DA:36,0
DA:39,0
DA:40,0
DA:41,0
DA:42,0
DA:46,0
DA:47,0
DA:48,0
DA:54,0
DA:55,0
DA:56,0
DA:60,0
DA:61,0
DA:65,0
DA:72,0
DA:73,0
DA:74,0
DA:75,0
DA:76,0
DA:77,0
DA:82,0
DA:83,0
DA:84,0
DA:85,0
DA:86,0
DA:93,0
DA:95,0
DA:96,0
DA:97,0
DA:102,0
DA:103,0
DA:104,0
DA:105,0
DA:109,0
DA:112,0
DA:113,0
DA:114,0
DA:119,0
DA:124,0
DA:125,0
DA:126,0
DA:127,0
DA:128,0
DA:132,0
DA:136,0
DA:137,0
LF:66
LH:0
BRDA:7,0,0,0
BRDA:8,1,0,0
BRDA:8,1,1,0
BRDA:11,2,0,0
BRDA:11,2,1,0
BRDA:20,3,0,0
BRDA:20,3,1,0
BRDA:29,4,0,0
BRDA:29,4,1,0
BRDA:29,5,0,0
BRDA:29,5,1,0
BRDA:34,6,0,0
BRDA:34,6,1,0
BRDA:35,7,0,0
BRDA:35,7,1,0
BRDA:40,8,0,0
BRDA:40,8,1,0
BRDA:41,9,0,0
BRDA:41,9,1,0
BRDA:46,10,0,0
BRDA:47,11,0,0
BRDA:47,11,1,0
BRDA:47,12,0,0
BRDA:47,12,1,0
BRDA:54,13,0,0
BRDA:55,14,0,0
BRDA:55,14,1,0
BRDA:56,15,0,0
BRDA:56,15,1,0
BRDA:60,16,0,0
BRDA:61,17,0,0
BRDA:61,17,1,0
BRDA:73,18,0,0
BRDA:73,18,1,0
BRDA:74,19,0,0
BRDA:74,19,1,0
BRDA:75,20,0,0
BRDA:75,20,1,0
BRDA:82,21,0,0
BRDA:83,22,0,0
BRDA:83,22,1,0
BRDA:84,23,0,0
BRDA:84,23,1,0
BRDA:85,24,0,0
BRDA:85,24,1,0
BRDA:86,25,0,0
BRDA:86,25,1,0
BRDA:87,26,0,0
BRDA:87,26,1,0
BRDA:87,27,0,0
BRDA:87,27,1,0
BRDA:88,28,0,0
BRDA:88,28,1,0
BRDA:88,29,0,0
BRDA:88,29,1,0
BRDA:93,30,0,0
BRDA:105,31,0,0
BRDA:105,31,1,0
BRDA:113,32,0,0
BRDA:113,32,1,0
BRDA:115,33,0,0
BRDA:115,33,1,0
BRDA:116,34,0,0
BRDA:116,34,1,0
BRDA:117,35,0,0
BRDA:117,35,1,0
BRDA:117,36,0,0
BRDA:117,36,1,0
BRDA:118,37,0,0
BRDA:118,37,1,0
BRDA:124,38,0,0
BRDA:124,38,1,0
BRF:72
BRH:0
end_of_record
TN:
SF:src/hooks/useAuditLog.js
FN:91,(anonymous_0)
FN:97,(anonymous_1)
FN:129,(anonymous_2)
FN:191,(anonymous_3)
FN:228,(anonymous_4)
FN:235,(anonymous_5)
FN:238,(anonymous_6)
FN:245,(anonymous_7)
FN:259,(anonymous_8)
FN:300,(anonymous_9)
FN:338,(anonymous_10)
FNF:11
FNH:0
FNDA:0,(anonymous_0)
FNDA:0,(anonymous_1)
FNDA:0,(anonymous_2)
FNDA:0,(anonymous_3)
FNDA:0,(anonymous_4)
FNDA:0,(anonymous_5)
FNDA:0,(anonymous_6)
FNDA:0,(anonymous_7)
FNDA:0,(anonymous_8)
FNDA:0,(anonymous_9)
FNDA:0,(anonymous_10)
DA:46,0
DA:91,0
DA:92,0
DA:93,0
DA:94,0
DA:97,0
DA:98,0
DA:100,0
DA:101,0
DA:103,0
DA:104,0
DA:105,0
DA:106,0
DA:111,0
DA:113,0
DA:128,0
DA:136,0
DA:139,0
DA:140,0
DA:141,0
DA:144,0
DA:145,0
DA:146,0
DA:149,0
DA:151,0
DA:164,0
DA:165,0
DA:166,0
DA:169,0
DA:172,0
DA:173,0
DA:190,0
DA:198,0
DA:200,0
DA:201,0
DA:202,0
DA:205,0
DA:227,0
DA:229,0
DA:230,0
DA:233,0
DA:234,0
DA:235,0
DA:238,0
DA:239,0
DA:244,0
DA:245,0
DA:258,0
DA:261,0
DA:263,0
DA:264,0
DA:280,0
DA:284,0
DA:285,0
DA:299,0
DA:302,0
DA:303,0
DA:306,0
DA:323,0
DA:338,0
DA:341,0
LF:61
LH:0
BRDA:101,0,0,0
BRDA:101,0,1,0
BRDA:104,1,0,0
BRDA:104,1,1,0
BRDA:106,2,0,0
BRDA:106,2,1,0
BRDA:129,3,0,0
BRDA:132,4,0,0
BRDA:133,5,0,0
BRDA:134,6,0,0
BRDA:135,7,0,0
BRDA:139,8,0,0
BRDA:139,8,1,0
BRDA:144,9,0,0
BRDA:144,9,1,0
BRDA:164,10,0,0
BRDA:164,10,1,0
BRDA:164,11,0,0
BRDA:164,11,1,0
BRDA:191,12,0,0
BRDA:193,13,0,0
BRDA:197,14,0,0
BRDA:200,15,0,0
BRDA:200,15,1,0
BRDA:200,16,0,0
BRDA:200,16,1,0
BRDA:215,17,0,0
BRDA:215,17,1,0
BRDA:228,18,0,0
BRDA:229,19,0,0
BRDA:229,19,1,0
BRDA:229,20,0,0
BRDA:229,20,1,0
BRDA:239,21,0,0
BRDA:239,21,1,0
BRDA:281,22,0,0
BRDA:281,22,1,0
BRDA:300,23,0,0
BRDA:302,24,0,0
BRDA:302,24,1,0
BRDA:302,25,0,0
BRDA:302,25,1,0
BRDA:307,26,0,0
BRDA:307,26,1,0
BRDA:317,27,0,0
BRDA:317,27,1,0
BRF:46
BRH:0
end_of_record
TN:
SF:src/hooks/useInvitation.js
FN:71,(anonymous_0)
FN:85,(anonymous_1)
FN:97,(anonymous_2)
FN:163,(anonymous_3)
FN:205,(anonymous_4)
FN:249,(anonymous_5)
FN:269,(anonymous_6)
FN:270,(anonymous_7)
FN:308,(anonymous_8)
FN:331,(anonymous_9)
FN:332,(anonymous_10)
FN:362,(anonymous_11)
FN:365,(anonymous_12)
FN:367,(anonymous_13)
FN:369,(anonymous_14)
FN:371,(anonymous_15)
FN:377,(anonymous_16)
FN:378,(anonymous_17)
FNF:18
FNH:0
FNDA:0,(anonymous_0)
FNDA:0,(anonymous_1)
FNDA:0,(anonymous_2)
FNDA:0,(anonymous_3)
FNDA:0,(anonymous_4)
FNDA:0,(anonymous_5)
FNDA:0,(anonymous_6)
FNDA:0,(anonymous_7)
FNDA:0,(anonymous_8)
FNDA:0,(anonymous_9)
FNDA:0,(anonymous_10)
FNDA:0,(anonymous_11)
FNDA:0,(anonymous_12)
FNDA:0,(anonymous_13)
FNDA:0,(anonymous_14)
FNDA:0,(anonymous_15)
FNDA:0,(anonymous_16)
FNDA:0,(anonymous_17)
DA:48,0
DA:59,0
DA:71,0
DA:72,0
DA:73,0
DA:74,0
DA:75,0
DA:76,0
DA:77,0
DA:85,0
DA:86,0
DA:96,0
DA:98,0
DA:99,0
DA:100,0
DA:104,0
DA:105,0
DA:106,0
DA:109,0
DA:110,0
DA:112,0
DA:114,0
DA:115,0
DA:117,0
DA:119,0
DA:124,0
DA:129,0
DA:130,0
DA:131,0
DA:136,0
DA:139,0
DA:140,0
DA:141,0
DA:144,0
DA:145,0
DA:147,0
DA:162,0
DA:164,0
DA:167,0
DA:168,0
DA:169,0
DA:172,0
DA:173,0
DA:174,0
DA:177,0
DA:178,0
DA:179,0
DA:183,0
DA:184,0
DA:185,0
DA:188,0
DA:189,0
DA:191,0
DA:192,0
DA:201,0
DA:202,0
DA:205,0
DA:208,0
DA:219,0
DA:221,0
DA:226,0
DA:227,0
DA:230,0
DA:231,0
DA:232,0
DA:234,0
DA:236,0
DA:248,0
DA:250,0
DA:251,0
DA:255,0
DA:256,0
DA:259,0
DA:260,0
DA:262,0
DA:263,0
DA:267,0
DA:269,0
DA:270,0
DA:274,0
DA:283,0
DA:285,0
DA:286,0
DA:289,0
DA:290,0
DA:291,0
DA:293,0
DA:295,0
DA:307,0
DA:309,0
DA:310,0
DA:314,0
DA:315,0
DA:318,0
DA:319,0
DA:321,0
DA:322,0
DA:327,0
DA:328,0
DA:331,0
DA:332,0
DA:333,0
DA:337,0
DA:339,0
DA:341,0
DA:342,0
DA:345,0
DA:346,0
DA:347,0
DA:349,0
DA:351,0
DA:362,0
DA:363,0
DA:365,0
DA:367,0
DA:369,0
DA:371,0
DA:377,0
DA:378,0
DA:379,0
DA:380,0
DA:385,0
LF:122
LH:0
BRDA:97,0,0,0
BRDA:98,1,0,0
BRDA:98,1,1,0
BRDA:104,2,0,0
BRDA:104,2,1,0
BRDA:114,3,0,0
BRDA:114,3,1,0
BRDA:121,4,0,0
BRDA:121,4,1,0
BRDA:129,5,0,0
BRDA:129,5,1,0
BRDA:130,6,0,0
BRDA:130,6,1,0
BRDA:139,7,0,0
BRDA:139,7,1,0
BRDA:145,8,0,0
BRDA:145,8,1,0
BRDA:163,9,0,0
BRDA:164,10,0,0
BRDA:167,11,0,0
BRDA:167,11,1,0
BRDA:172,12,0,0
BRDA:172,12,1,0
BRDA:172,13,0,0
BRDA:172,13,1,0
BRDA:177,14,0,0
BRDA:177,14,1,0
BRDA:183,15,0,0
BRDA:183,15,1,0
BRDA:201,16,0,0
BRDA:201,16,1,0
BRDA:230,17,0,0
BRDA:230,17,1,0
BRDA:250,18,0,0
BRDA:250,18,1,0
BRDA:250,19,0,0
BRDA:250,19,1,0
BRDA:255,20,0,0
BRDA:255,20,1,0
BRDA:267,21,0,0
BRDA:267,21,1,0
BRDA:289,22,0,0
BRDA:289,22,1,0
BRDA:309,23,0,0
BRDA:309,23,1,0
BRDA:309,24,0,0
BRDA:309,24,1,0
BRDA:314,25,0,0
BRDA:314,25,1,0
BRDA:327,26,0,0
BRDA:327,26,1,0
BRDA:333,27,0,0
BRDA:333,27,1,0
BRDA:345,28,0,0
BRDA:345,28,1,0
BRDA:379,29,0,0
BRDA:379,29,1,0
BRF:57
BRH:0
end_of_record
TN:
SF:src/utils/apiInterceptor.js
FN:36,(anonymous_0)
FN:53,(anonymous_1)
FN:99,(anonymous_2)
FN:113,(anonymous_3)
FN:123,(anonymous_4)
FN:214,(anonymous_5)
FN:240,(anonymous_6)
FN:255,(anonymous_7)
FN:265,(anonymous_8)
FN:285,(anonymous_9)
FN:310,(anonymous_10)
FN:324,(anonymous_11)
FN:338,(anonymous_12)
FN:355,(anonymous_13)
FN:368,(anonymous_14)
FN:369,(anonymous_15)
FN:370,(anonymous_16)
FN:371,(anonymous_17)
FN:372,(anonymous_18)
FN:373,(anonymous_19)
FNF:20
FNH:0
FNDA:0,(anonymous_0)
FNDA:0,(anonymous_1)
FNDA:0,(anonymous_2)
FNDA:0,(anonymous_3)
FNDA:0,(anonymous_4)
FNDA:0,(anonymous_5)
FNDA:0,(anonymous_6)
FNDA:0,(anonymous_7)
FNDA:0,(anonymous_8)
FNDA:0,(anonymous_9)
FNDA:0,(anonymous_10)
FNDA:0,(anonymous_11)
FNDA:0,(anonymous_12)
FNDA:0,(anonymous_13)
FNDA:0,(anonymous_14)
FNDA:0,(anonymous_15)
FNDA:0,(anonymous_16)
FNDA:0,(anonymous_17)
FNDA:0,(anonymous_18)
FNDA:0,(anonymous_19)
DA:28,0
DA:29,0
DA:30,0
DA:31,0
DA:36,0
DA:37,0
DA:52,0
DA:54,0
DA:56,0
DA:57,0
DA:58,0
DA:62,0
DA:63,0
DA:64,0
DA:68,0
DA:69,0
DA:70,0
DA:71,0
DA:72,0
DA:74,0
DA:82,0
DA:85,0
DA:86,0
DA:93,0
DA:95,0
DA:96,0
DA:100,0
DA:101,0
DA:112,0
DA:115,0
DA:116,0
DA:121,0
DA:124,0
DA:127,0
DA:128,0
DA:132,0
DA:135,0
DA:136,0
DA:141,0
DA:142,0
DA:143,0
DA:145,0
DA:146,0
DA:147,0
DA:148,0
DA:151,0
DA:153,0
DA:154,0
DA:157,0
DA:161,0
DA:162,0
DA:170,0
DA:174,0
DA:175,0
DA:176,0
DA:181,0
DA:185,0
DA:186,0
DA:191,0
DA:195,0
DA:201,0
DA:205,0
DA:214,0
DA:215,0
DA:217,0
DA:218,0
DA:221,0
DA:222,0
DA:228,0
DA:230,0
DA:231,0
DA:240,0
DA:241,0
DA:242,0
DA:243,0
DA:245,0
DA:246,0
DA:255,0
DA:256,0
DA:265,0
DA:266,0
DA:273,0
DA:274,0
DA:276,0
DA:277,0
DA:285,0
DA:286,0
DA:288,0
DA:289,0
DA:292,0
DA:295,0
DA:298,0
DA:300,0
DA:310,0
DA:311,0
DA:312,0
DA:313,0
DA:314,0
DA:317,0
DA:324,0
DA:325,0
DA:326,0
DA:327,0
DA:329,0
DA:338,0
DA:339,0
DA:340,0
DA:341,0
DA:343,0
DA:346,0
DA:355,0
DA:356,0
DA:360,0
DA:367,0
DA:368,0
DA:369,0
DA:370,0
DA:371,0
DA:372,0
DA:373,0
LF:120
LH:0
BRDA:28,0,0,0
BRDA:28,0,1,0
BRDA:57,1,0,0
BRDA:57,1,1,0
BRDA:63,2,0,0
BRDA:63,2,1,0
BRDA:69,3,0,0
BRDA:69,3,1,0
BRDA:71,4,0,0
BRDA:71,4,1,0
BRDA:85,5,0,0
BRDA:85,5,1,0
BRDA:115,6,0,0
BRDA:115,6,1,0
BRDA:127,7,0,0
BRDA:127,7,1,0
BRDA:132,8,0,0
BRDA:132,8,1,0
BRDA:135,9,0,0
BRDA:135,9,1,0
BRDA:141,10,0,0
BRDA:141,10,1,0
BRDA:146,11,0,0
BRDA:146,11,1,0
BRDA:161,12,0,0
BRDA:161,12,1,0
BRDA:174,13,0,0
BRDA:174,13,1,0
BRDA:175,14,0,0
BRDA:175,14,1,0
BRDA:185,15,0,0
BRDA:185,15,1,0
BRDA:196,16,0,0
BRDA:196,16,1,0
BRDA:218,17,0,0
BRDA:218,17,1,0
BRDA:222,18,0,0
BRDA:222,18,1,0
BRDA:243,19,0,0
BRDA:243,19,1,0
BRDA:310,20,0,0
BRDA:313,21,0,0
BRDA:313,21,1,0
BRDA:340,22,0,0
BRDA:340,22,1,0
BRF:45
BRH:0
end_of_record
TN:
SF:src/utils/apiWrapper.js
FN:27,(anonymous_0)
FN:36,(anonymous_1)
FN:51,(anonymous_2)
FN:69,(anonymous_3)
FN:127,(anonymous_4)
FN:132,(anonymous_5)
FN:138,(anonymous_6)
FN:166,(anonymous_7)
FN:206,(anonymous_8)
FN:211,(anonymous_9)
FN:242,(anonymous_10)
FN:261,(anonymous_11)
FN:285,(anonymous_12)
FNF:13
FNH:0
FNDA:0,(anonymous_0)
FNDA:0,(anonymous_1)
FNDA:0,(anonymous_2)
FNDA:0,(anonymous_3)
FNDA:0,(anonymous_4)
FNDA:0,(anonymous_5)
FNDA:0,(anonymous_6)
FNDA:0,(anonymous_7)
FNDA:0,(anonymous_8)
FNDA:0,(anonymous_9)
FNDA:0,(anonymous_10)
FNDA:0,(anonymous_11)
FNDA:0,(anonymous_12)
DA:28,0
DA:29,0
DA:30,0
DA:31,0
DA:32,0
DA:33,0
DA:37,0
DA:52,0
DA:53,0
DA:54,0
DA:55,0
DA:69,0
DA:70,0
DA:72,0
DA:73,0
DA:74,0
DA:77,0
DA:78,0
DA:79,0
DA:82,0
DA:83,0
DA:90,0
DA:91,0
DA:94,0
DA:98,0
DA:99,0
DA:102,0
DA:104,0
DA:111,0
DA:112,0
DA:115,0
DA:127,0
DA:128,0
DA:130,0
DA:131,0
DA:132,0
DA:135,0
DA:136,0
DA:138,0
DA:139,0
DA:140,0
DA:142,0
DA:143,0
DA:149,0
DA:151,0
DA:154,0
DA:160,0
DA:164,0
DA:165,0
DA:166,0
DA:170,0
DA:176,0
DA:183,0
DA:184,0
DA:187,0
DA:206,0
DA:211,0
DA:213,0
DA:215,0
DA:216,0
DA:218,0
DA:219,0
DA:220,0
DA:223,0
DA:224,0
DA:227,0
DA:230,0
DA:231,0
DA:237,0
DA:241,0
DA:242,0
DA:243,0
DA:246,0
DA:249,0
DA:250,0
DA:256,0
DA:260,0
DA:261,0
DA:262,0
DA:268,0
DA:275,0
DA:285,0
DA:286,0
DA:287,0
DA:290,0
DA:291,0
DA:294,0
DA:295,0
DA:296,0
DA:305,0
LF:90
LH:0
BRDA:27,0,0,0
BRDA:27,1,0,0
BRDA:27,2,0,0
BRDA:51,3,0,0
BRDA:51,4,0,0
BRDA:69,5,0,0
BRDA:69,6,0,0
BRDA:70,7,0,0
BRDA:70,8,0,0
BRDA:73,9,0,0
BRDA:73,9,1,0
BRDA:82,10,0,0
BRDA:82,10,1,0
BRDA:82,11,0,0
BRDA:82,11,1,0
BRDA:84,12,0,0
BRDA:84,12,1,0
BRDA:85,13,0,0
BRDA:85,13,1,0
BRDA:90,14,0,0
BRDA:90,14,1,0
BRDA:98,15,0,0
BRDA:98,15,1,0
BRDA:102,16,0,0
BRDA:102,16,1,0
BRDA:105,17,0,0
BRDA:105,17,1,0
BRDA:106,18,0,0
BRDA:106,18,1,0
BRDA:111,19,0,0
BRDA:111,19,1,0
BRDA:127,20,0,0
BRDA:127,21,0,0
BRDA:128,22,0,0
BRDA:128,23,0,0
BRDA:132,24,0,0
BRDA:132,24,1,0
BRDA:139,25,0,0
BRDA:139,25,1,0
BRDA:142,26,0,0
BRDA:142,26,1,0
BRDA:142,27,0,0
BRDA:142,27,1,0
BRDA:144,28,0,0
BRDA:144,28,1,0
BRDA:145,29,0,0
BRDA:145,29,1,0
BRDA:155,30,0,0
BRDA:155,30,1,0
BRDA:164,31,0,0
BRDA:164,31,1,0
BRDA:164,32,0,0
BRDA:164,32,1,0
BRDA:173,33,0,0
BRDA:173,33,1,0
BRDA:177,34,0,0
BRDA:177,34,1,0
BRDA:183,35,0,0
BRDA:183,35,1,0
BRDA:206,36,0,0
BRDA:208,37,0,0
BRDA:209,38,0,0
BRDA:210,39,0,0
BRDA:211,40,0,0
BRDA:212,41,0,0
BRDA:223,42,0,0
BRDA:223,42,1,0
BRDA:223,43,0,0
BRDA:223,43,1,0
BRDA:224,44,0,0
BRDA:224,44,1,0
BRDA:230,45,0,0
BRDA:230,45,1,0
BRDA:230,46,0,0
BRDA:230,46,1,0
BRDA:232,47,0,0
BRDA:232,47,1,0
BRDA:233,48,0,0
BRDA:233,48,1,0
BRDA:241,49,0,0
BRDA:241,49,1,0
BRDA:249,50,0,0
BRDA:249,50,1,0
BRDA:249,51,0,0
BRDA:249,51,1,0
BRDA:251,52,0,0
BRDA:251,52,1,0
BRDA:260,53,0,0
BRDA:260,53,1,0
BRDA:269,54,0,0
BRDA:269,54,1,0
BRDA:285,55,0,0
BRDA:286,56,0,0
BRDA:286,56,1,0
BRDA:290,57,0,0
BRDA:290,57,1,0
BRDA:295,58,0,0
BRDA:295,58,1,0
BRF:98
BRH:0
end_of_record
TN:
SF:src/utils/auditLogger.js
FN:135,(anonymous_0)
FN:204,(anonymous_1)
FN:229,(anonymous_2)
FN:257,(anonymous_3)
FN:278,(anonymous_4)
FN:309,(anonymous_5)
FN:369,(anonymous_6)
FN:400,(anonymous_7)
FNF:8
FNH:0
FNDA:0,(anonymous_0)
FNDA:0,(anonymous_1)
FNDA:0,(anonymous_2)
FNDA:0,(anonymous_3)
FNDA:0,(anonymous_4)
FNDA:0,(anonymous_5)
FNDA:0,(anonymous_6)
FNDA:0,(anonymous_7)
DA:48,0
DA:112,0
DA:135,0
DA:146,0
DA:149,0
DA:150,0
DA:155,0
DA:158,0
DA:160,0
DA:174,0
DA:180,0
DA:181,0
DA:185,0
DA:188,0
DA:190,0
DA:191,0
DA:204,0
DA:205,0
DA:229,0
DA:237,0
DA:257,0
DA:258,0
DA:278,0
DA:279,0
DA:309,0
DA:320,0
DA:322,0
DA:323,0
DA:326,0
DA:327,0
DA:333,0
DA:334,0
DA:335,0
DA:336,0
DA:339,0
DA:340,0
DA:343,0
DA:345,0
DA:347,0
DA:348,0
DA:349,0
DA:352,0
DA:354,0
DA:355,0
DA:369,0
DA:370,0
DA:372,0
DA:373,0
DA:376,0
DA:378,0
DA:385,0
DA:386,0
DA:390,0
DA:400,0
DA:402,0
DA:405,0
DA:408,0
DA:411,0
DA:412,0
DA:417,0
DA:422,0
DA:423,0
LF:62
LH:0
BRDA:135,0,0,0
BRDA:140,1,0,0
BRDA:141,2,0,0
BRDA:142,3,0,0
BRDA:143,4,0,0
BRDA:144,5,0,0
BRDA:145,6,0,0
BRDA:149,7,0,0
BRDA:149,7,1,0
BRDA:149,8,0,0
BRDA:149,8,1,0
BRDA:149,8,2,0
BRDA:180,9,0,0
BRDA:180,9,1,0
BRDA:204,10,0,0
BRDA:212,11,0,0
BRDA:212,11,1,0
BRDA:212,12,0,0
BRDA:212,12,1,0
BRDA:235,13,0,0
BRDA:257,14,0,0
BRDA:290,15,0,0
BRDA:290,15,1,0
BRDA:309,16,0,0
BRDA:312,17,0,0
BRDA:313,18,0,0
BRDA:314,19,0,0
BRDA:315,20,0,0
BRDA:316,21,0,0
BRDA:317,22,0,0
BRDA:318,23,0,0
BRDA:319,24,0,0
BRDA:322,25,0,0
BRDA:322,25,1,0
BRDA:333,26,0,0
BRDA:333,26,1,0
BRDA:334,27,0,0
BRDA:334,27,1,0
BRDA:335,28,0,0
BRDA:335,28,1,0
BRDA:336,29,0,0
BRDA:336,29,1,0
BRDA:339,30,0,0
BRDA:339,30,1,0
BRDA:340,31,0,0
BRDA:340,31,1,0
BRDA:347,32,0,0
BRDA:347,32,1,0
BRDA:352,33,0,0
BRDA:352,33,1,0
BRDA:352,34,0,0
BRDA:352,34,1,0
BRDA:369,35,0,0
BRDA:370,36,0,0
BRDA:372,37,0,0
BRDA:372,37,1,0
BRDA:372,38,0,0
BRDA:372,38,1,0
BRDA:372,38,2,0
BRDA:385,39,0,0
BRDA:385,39,1,0
BRDA:402,40,0,0
BRDA:402,40,1,0
BRDA:405,41,0,0
BRDA:405,41,1,0
BRDA:408,42,0,0
BRDA:408,42,1,0
BRDA:411,43,0,0
BRDA:411,43,1,0
BRDA:413,44,0,0
BRDA:413,44,1,0
BRDA:419,45,0,0
BRDA:419,45,1,0
BRF:73
BRH:0
end_of_record
TN:
SF:src/utils/csrfUtils.js
FN:29,(anonymous_0)
FN:36,(anonymous_1)
FN:54,(anonymous_2)
FN:102,(anonymous_3)
FN:119,(anonymous_4)
FN:134,(anonymous_5)
FN:155,(anonymous_6)
FNF:7
FNH:0
FNDA:0,(anonymous_0)
FNDA:0,(anonymous_1)
FNDA:0,(anonymous_2)
FNDA:0,(anonymous_3)
FNDA:0,(anonymous_4)
FNDA:0,(anonymous_5)
FNDA:0,(anonymous_6)
DA:29,0
DA:31,0
DA:35,0
DA:36,0
DA:39,0
DA:54,0
DA:56,0
DA:57,0
DA:61,0
DA:62,0
DA:66,0
DA:67,0
DA:70,0
DA:73,0
DA:74,0
DA:75,0
DA:78,0
DA:79,0
DA:82,0
DA:83,0
DA:87,0
DA:102,0
DA:103,0
DA:104,0
DA:105,0
DA:108,0
DA:110,0
DA:119,0
DA:120,0
DA:121,0
DA:124,0
DA:125,0
DA:134,0
DA:135,0
DA:136,0
DA:139,0
DA:155,0
DA:156,0
DA:157,0
DA:158,0
DA:159,0
DA:161,0
LF:42
LH:0
BRDA:56,0,0,0
BRDA:56,0,1,0
BRDA:56,1,0,0
BRDA:56,1,1,0
BRDA:61,2,0,0
BRDA:61,2,1,0
BRDA:61,3,0,0
BRDA:61,3,1,0
BRDA:66,4,0,0
BRDA:66,4,1,0
BRDA:78,5,0,0
BRDA:78,5,1,0
BRDA:102,6,0,0
BRDA:119,7,0,0
BRDA:134,8,0,0
BRDA:155,9,0,0
BRDA:157,10,0,0
BRDA:157,10,1,0
BRF:18
BRH:0
end_of_record
TN:
SF:src/utils/jwtUtils.js
FN:12,(anonymous_0)
FN:22,(anonymous_1)
FN:39,(anonymous_2)
FN:58,(anonymous_3)
FN:72,(anonymous_4)
FN:81,(anonymous_5)
FN:103,(anonymous_6)
FN:120,(anonymous_7)
FN:135,(anonymous_8)
FN:202,(anonymous_9)
FN:228,(anonymous_10)
FN:244,(anonymous_11)
FNF:12
FNH:0
FNDA:0,(anonymous_0)
FNDA:0,(anonymous_1)
FNDA:0,(anonymous_2)
FNDA:0,(anonymous_3)
FNDA:0,(anonymous_4)
FNDA:0,(anonymous_5)
FNDA:0,(anonymous_6)
FNDA:0,(anonymous_7)
FNDA:0,(anonymous_8)
FNDA:0,(anonymous_9)
FNDA:0,(anonymous_10)
FNDA:0,(anonymous_11)
DA:12,0
DA:13,0
DA:14,0
DA:22,0
DA:23,0
DA:24,0
DA:25,0
DA:26,0
DA:27,0
DA:28,0
DA:30,0
DA:31,0
DA:39,0
DA:40,0
DA:41,0
DA:43,0
DA:44,0
DA:46,0
DA:47,0
DA:48,0
DA:51,0
DA:58,0
DA:59,0
DA:60,0
DA:62,0
DA:63,0
DA:65,0
DA:72,0
DA:73,0
DA:74,0
DA:81,0
DA:82,0
DA:83,0
DA:84,0
DA:85,0
DA:86,0
DA:88,0
DA:89,0
DA:90,0
DA:92,0
DA:94,0
DA:95,0
DA:103,0
DA:104,0
DA:105,0
DA:107,0
DA:108,0
DA:110,0
DA:112,0
DA:113,0
DA:120,0
DA:121,0
DA:122,0
DA:123,0
DA:125,0
DA:135,0
DA:137,0
DA:139,0
DA:140,0
DA:145,0
DA:146,0
DA:149,0
DA:150,0
DA:156,0
DA:157,0
DA:158,0
DA:160,0
DA:161,0
DA:162,0
DA:167,0
DA:172,0
DA:179,0
DA:183,0
DA:184,0
DA:191,0
DA:192,0
DA:202,0
DA:203,0
DA:204,0
DA:206,0
DA:207,0
DA:210,0
DA:212,0
DA:228,0
DA:229,0
DA:231,0
DA:232,0
DA:235,0
DA:236,0
DA:244,0
DA:245,0
DA:246,0
DA:247,0
DA:249,0
DA:256,0
LF:95
LH:0
BRDA:14,0,0,0
BRDA:14,0,1,0
BRDA:23,1,0,0
BRDA:23,1,1,0
BRDA:26,2,0,0
BRDA:26,2,1,0
BRDA:41,3,0,0
BRDA:41,3,1,0
BRDA:44,4,0,0
BRDA:44,4,1,0
BRDA:44,5,0,0
BRDA:44,5,1,0
BRDA:60,6,0,0
BRDA:60,6,1,0
BRDA:63,7,0,0
BRDA:63,7,1,0
BRDA:63,8,0,0
BRDA:63,8,1,0
BRDA:84,9,0,0
BRDA:84,9,1,0
BRDA:88,10,0,0
BRDA:88,10,1,0
BRDA:105,11,0,0
BRDA:105,11,1,0
BRDA:110,12,0,0
BRDA:110,12,1,0
BRDA:110,13,0,0
BRDA:110,13,1,0
BRDA:121,14,0,0
BRDA:121,14,1,0
BRDA:135,15,0,0
BRDA:145,16,0,0
BRDA:145,16,1,0
BRDA:156,17,0,0
BRDA:156,17,1,0
BRDA:160,18,0,0
BRDA:160,18,1,0
BRDA:202,19,0,0
BRDA:206,20,0,0
BRDA:206,20,1,0
BRDA:228,21,0,0
BRDA:229,22,0,0
BRDA:229,22,1,0
BRF:43
BRH:0
end_of_record
TN:
SF:src/utils/logger.js
FN:19,(anonymous_0)
FN:39,(anonymous_1)
FN:50,(anonymous_2)
FN:68,(anonymous_3)
FN:78,(anonymous_4)
FN:111,(anonymous_5)
FN:141,(anonymous_6)
FN:159,(anonymous_7)
FNF:8
FNH:0
FNDA:0,(anonymous_0)
FNDA:0,(anonymous_1)
FNDA:0,(anonymous_2)
FNDA:0,(anonymous_3)
FNDA:0,(anonymous_4)
FNDA:0,(anonymous_5)
FNDA:0,(anonymous_6)
FNDA:0,(anonymous_7)
DA:15,0
DA:18,0
DA:19,0
DA:20,0
DA:22,0
DA:27,0
DA:29,0
DA:33,0
DA:40,0
DA:41,0
DA:51,0
DA:52,0
DA:55,0
DA:69,0
DA:79,0
DA:81,0
DA:82,0
DA:89,0
DA:90,0
DA:100,0
DA:112,0
DA:114,0
DA:121,0
DA:122,0
DA:123,0
DA:130,0
DA:142,0
DA:143,0
DA:146,0
DA:160,0
DA:161,0
DA:163,0
LF:32
LH:0
BRDA:15,0,0,0
BRDA:15,0,1,0
BRDA:20,1,0,0
BRDA:20,1,1,0
BRDA:20,2,0,0
BRDA:20,2,1,0
BRDA:40,3,0,0
BRDA:40,3,1,0
BRDA:41,4,0,0
BRDA:41,4,1,0
BRDA:51,5,0,0
BRDA:51,5,1,0
BRDA:52,6,0,0
BRDA:52,6,1,0
BRDA:69,7,0,0
BRDA:69,7,1,0
BRDA:79,8,0,0
BRDA:79,8,1,0
BRDA:79,8,2,0
BRDA:81,9,0,0
BRDA:81,9,1,0
BRDA:112,10,0,0
BRDA:112,10,1,0
BRDA:112,10,2,0
BRDA:121,11,0,0
BRDA:121,11,1,0
BRDA:142,12,0,0
BRDA:142,12,1,0
BRDA:143,13,0,0
BRDA:143,13,1,0
BRDA:160,14,0,0
BRDA:160,14,1,0
BRDA:161,15,0,0
BRDA:161,15,1,0
BRF:34
BRH:0
end_of_record
TN:
SF:src/utils/twoFactorAuth.js
FN:64,(anonymous_0)
FN:98,(anonymous_1)
FN:137,(anonymous_2)
FN:156,(anonymous_3)
FN:169,(anonymous_4)
FN:194,(anonymous_5)
FN:212,(anonymous_6)
FN:234,(anonymous_7)
FN:242,(anonymous_8)
FN:256,(anonymous_9)
FN:273,(anonymous_10)
FN:290,(anonymous_11)
FN:307,(anonymous_12)
FN:324,(anonymous_13)
FNF:14
FNH:0
FNDA:0,(anonymous_0)
FNDA:0,(anonymous_1)
FNDA:0,(anonymous_2)
FNDA:0,(anonymous_3)
FNDA:0,(anonymous_4)
FNDA:0,(anonymous_5)
FNDA:0,(anonymous_6)
FNDA:0,(anonymous_7)
FNDA:0,(anonymous_8)
FNDA:0,(anonymous_9)
FNDA:0,(anonymous_10)
FNDA:0,(anonymous_11)
FNDA:0,(anonymous_12)
FNDA:0,(anonymous_13)
DA:35,0
DA:64,0
DA:65,0
DA:72,0
DA:75,0
DA:77,0
DA:83,0
DA:84,0
DA:98,0
DA:99,0
DA:101,0
DA:102,0
DA:106,0
DA:107,0
DA:119,0
DA:123,0
DA:125,0
DA:126,0
DA:137,0
DA:138,0
DA:140,0
DA:141,0
DA:142,0
DA:143,0
DA:146,0
DA:156,0
DA:157,0
DA:159,0
DA:160,0
DA:164,0
DA:165,0
DA:169,0
DA:171,0
DA:172,0
DA:176,0
DA:178,0
DA:183,0
DA:184,0
DA:194,0
DA:195,0
DA:196,0
DA:198,0
DA:212,0
DA:214,0
DA:215,0
DA:219,0
DA:220,0
DA:224,0
DA:234,0
DA:235,0
DA:238,0
DA:239,0
DA:240,0
DA:241,0
DA:242,0
DA:244,0
DA:245,0
DA:256,0
DA:257,0
DA:259,0
DA:260,0
DA:262,0
DA:263,0
DA:273,0
DA:274,0
DA:276,0
DA:277,0
DA:280,0
DA:290,0
DA:291,0
DA:292,0
DA:295,0
DA:307,0
DA:308,0
DA:309,0
DA:311,0
DA:312,0
DA:315,0
DA:324,0
DA:325,0
DA:327,0
DA:328,0
DA:331,0
LF:83
LH:0
BRDA:101,0,0,0
BRDA:101,0,1,0
BRDA:101,1,0,0
BRDA:101,1,1,0
BRDA:106,2,0,0
BRDA:106,2,1,0
BRDA:159,3,0,0
BRDA:159,3,1,0
BRDA:159,4,0,0
BRDA:159,4,1,0
BRDA:164,5,0,0
BRDA:164,5,1,0
BRDA:171,6,0,0
BRDA:171,6,1,0
BRDA:214,7,0,0
BRDA:214,7,1,0
BRDA:214,8,0,0
BRDA:214,8,1,0
BRDA:219,9,0,0
BRDA:219,9,1,0
BRDA:274,10,0,0
BRDA:274,10,1,0
BRDA:277,11,0,0
BRDA:277,11,1,0
BRDA:291,12,0,0
BRDA:291,12,1,0
BRDA:296,13,0,0
BRDA:296,13,1,0
BRF:28
BRH:0
end_of_record
